Copyright 1986-2022 Xilinx, Inc. All Rights Reserved. Copyright 2022-2023 Advanced Micro Devices, Inc. All Rights Reserved.
---------------------------------------------------------------------------------------------------------------------------------------------
| Tool Version : Vivado v.2023.2 (lin64) Build 4029153 Fri Oct 13 20:13:54 MDT 2023
| Date         : Wed Jul 31 10:13:24 2024
| Host         : DESKTOP-QC14QP2 running 64-bit Kali GNU/Linux Rolling
| Command      : check_timing -override_defaults no_clock -verbose -file no_clock.log
| Design       : system_top
| Device       : 7z007s-clg400
| Speed File   : -1  PRODUCTION 1.12 2019-11-22
| Design State : Routed
---------------------------------------------------------------------------------------------------------------------------------------------


check_timing report

Table of Contents
-----------------
1. checking no_clock (936)

1. checking no_clock (936)
--------------------------
 There are 72 register/latch pins with no clock driven by root clock pin: i_system_wrapper/system_i/axi_pwm_custom_xcr/inst/i_if_axi_pwm_custom/counter_reg[0]/Q (HIGH)

i_system_wrapper/system_i/axi_pwm_custom_xcr/inst/i_if_axi_pwm_custom/data_ch_0_reg[0]/C
i_system_wrapper/system_i/axi_pwm_custom_xcr/inst/i_if_axi_pwm_custom/data_ch_0_reg[10]/C
i_system_wrapper/system_i/axi_pwm_custom_xcr/inst/i_if_axi_pwm_custom/data_ch_0_reg[11]/C
i_system_wrapper/system_i/axi_pwm_custom_xcr/inst/i_if_axi_pwm_custom/data_ch_0_reg[1]/C
i_system_wrapper/system_i/axi_pwm_custom_xcr/inst/i_if_axi_pwm_custom/data_ch_0_reg[2]/C
i_system_wrapper/system_i/axi_pwm_custom_xcr/inst/i_if_axi_pwm_custom/data_ch_0_reg[3]/C
i_system_wrapper/system_i/axi_pwm_custom_xcr/inst/i_if_axi_pwm_custom/data_ch_0_reg[4]/C
i_system_wrapper/system_i/axi_pwm_custom_xcr/inst/i_if_axi_pwm_custom/data_ch_0_reg[5]/C
i_system_wrapper/system_i/axi_pwm_custom_xcr/inst/i_if_axi_pwm_custom/data_ch_0_reg[6]/C
i_system_wrapper/system_i/axi_pwm_custom_xcr/inst/i_if_axi_pwm_custom/data_ch_0_reg[7]/C
i_system_wrapper/system_i/axi_pwm_custom_xcr/inst/i_if_axi_pwm_custom/data_ch_0_reg[8]/C
i_system_wrapper/system_i/axi_pwm_custom_xcr/inst/i_if_axi_pwm_custom/data_ch_0_reg[9]/C
i_system_wrapper/system_i/axi_pwm_custom_xcr/inst/i_if_axi_pwm_custom/data_ch_1_reg[0]/C
i_system_wrapper/system_i/axi_pwm_custom_xcr/inst/i_if_axi_pwm_custom/data_ch_1_reg[10]/C
i_system_wrapper/system_i/axi_pwm_custom_xcr/inst/i_if_axi_pwm_custom/data_ch_1_reg[11]/C
i_system_wrapper/system_i/axi_pwm_custom_xcr/inst/i_if_axi_pwm_custom/data_ch_1_reg[1]/C
i_system_wrapper/system_i/axi_pwm_custom_xcr/inst/i_if_axi_pwm_custom/data_ch_1_reg[2]/C
i_system_wrapper/system_i/axi_pwm_custom_xcr/inst/i_if_axi_pwm_custom/data_ch_1_reg[3]/C
i_system_wrapper/system_i/axi_pwm_custom_xcr/inst/i_if_axi_pwm_custom/data_ch_1_reg[4]/C
i_system_wrapper/system_i/axi_pwm_custom_xcr/inst/i_if_axi_pwm_custom/data_ch_1_reg[5]/C
i_system_wrapper/system_i/axi_pwm_custom_xcr/inst/i_if_axi_pwm_custom/data_ch_1_reg[6]/C
i_system_wrapper/system_i/axi_pwm_custom_xcr/inst/i_if_axi_pwm_custom/data_ch_1_reg[7]/C
i_system_wrapper/system_i/axi_pwm_custom_xcr/inst/i_if_axi_pwm_custom/data_ch_1_reg[8]/C
i_system_wrapper/system_i/axi_pwm_custom_xcr/inst/i_if_axi_pwm_custom/data_ch_1_reg[9]/C
i_system_wrapper/system_i/axi_pwm_custom_xcr/inst/i_if_axi_pwm_custom/data_ch_2_reg[0]/C
i_system_wrapper/system_i/axi_pwm_custom_xcr/inst/i_if_axi_pwm_custom/data_ch_2_reg[10]/C
i_system_wrapper/system_i/axi_pwm_custom_xcr/inst/i_if_axi_pwm_custom/data_ch_2_reg[11]/C
i_system_wrapper/system_i/axi_pwm_custom_xcr/inst/i_if_axi_pwm_custom/data_ch_2_reg[1]/C
i_system_wrapper/system_i/axi_pwm_custom_xcr/inst/i_if_axi_pwm_custom/data_ch_2_reg[2]/C
i_system_wrapper/system_i/axi_pwm_custom_xcr/inst/i_if_axi_pwm_custom/data_ch_2_reg[3]/C
i_system_wrapper/system_i/axi_pwm_custom_xcr/inst/i_if_axi_pwm_custom/data_ch_2_reg[4]/C
i_system_wrapper/system_i/axi_pwm_custom_xcr/inst/i_if_axi_pwm_custom/data_ch_2_reg[5]/C
i_system_wrapper/system_i/axi_pwm_custom_xcr/inst/i_if_axi_pwm_custom/data_ch_2_reg[6]/C
i_system_wrapper/system_i/axi_pwm_custom_xcr/inst/i_if_axi_pwm_custom/data_ch_2_reg[7]/C
i_system_wrapper/system_i/axi_pwm_custom_xcr/inst/i_if_axi_pwm_custom/data_ch_2_reg[8]/C
i_system_wrapper/system_i/axi_pwm_custom_xcr/inst/i_if_axi_pwm_custom/data_ch_2_reg[9]/C
i_system_wrapper/system_i/axi_pwm_custom_xcr/inst/i_if_axi_pwm_custom/data_ch_3_reg[0]/C
i_system_wrapper/system_i/axi_pwm_custom_xcr/inst/i_if_axi_pwm_custom/data_ch_3_reg[10]/C
i_system_wrapper/system_i/axi_pwm_custom_xcr/inst/i_if_axi_pwm_custom/data_ch_3_reg[11]/C
i_system_wrapper/system_i/axi_pwm_custom_xcr/inst/i_if_axi_pwm_custom/data_ch_3_reg[1]/C
i_system_wrapper/system_i/axi_pwm_custom_xcr/inst/i_if_axi_pwm_custom/data_ch_3_reg[2]/C
i_system_wrapper/system_i/axi_pwm_custom_xcr/inst/i_if_axi_pwm_custom/data_ch_3_reg[3]/C
i_system_wrapper/system_i/axi_pwm_custom_xcr/inst/i_if_axi_pwm_custom/data_ch_3_reg[4]/C
i_system_wrapper/system_i/axi_pwm_custom_xcr/inst/i_if_axi_pwm_custom/data_ch_3_reg[5]/C
i_system_wrapper/system_i/axi_pwm_custom_xcr/inst/i_if_axi_pwm_custom/data_ch_3_reg[6]/C
i_system_wrapper/system_i/axi_pwm_custom_xcr/inst/i_if_axi_pwm_custom/data_ch_3_reg[7]/C
i_system_wrapper/system_i/axi_pwm_custom_xcr/inst/i_if_axi_pwm_custom/data_ch_3_reg[8]/C
i_system_wrapper/system_i/axi_pwm_custom_xcr/inst/i_if_axi_pwm_custom/data_ch_3_reg[9]/C
i_system_wrapper/system_i/axi_pwm_custom_xcr/inst/i_if_axi_pwm_custom/data_ch_4_reg[0]/C
i_system_wrapper/system_i/axi_pwm_custom_xcr/inst/i_if_axi_pwm_custom/data_ch_4_reg[10]/C
i_system_wrapper/system_i/axi_pwm_custom_xcr/inst/i_if_axi_pwm_custom/data_ch_4_reg[11]/C
i_system_wrapper/system_i/axi_pwm_custom_xcr/inst/i_if_axi_pwm_custom/data_ch_4_reg[1]/C
i_system_wrapper/system_i/axi_pwm_custom_xcr/inst/i_if_axi_pwm_custom/data_ch_4_reg[2]/C
i_system_wrapper/system_i/axi_pwm_custom_xcr/inst/i_if_axi_pwm_custom/data_ch_4_reg[3]/C
i_system_wrapper/system_i/axi_pwm_custom_xcr/inst/i_if_axi_pwm_custom/data_ch_4_reg[4]/C
i_system_wrapper/system_i/axi_pwm_custom_xcr/inst/i_if_axi_pwm_custom/data_ch_4_reg[5]/C
i_system_wrapper/system_i/axi_pwm_custom_xcr/inst/i_if_axi_pwm_custom/data_ch_4_reg[6]/C
i_system_wrapper/system_i/axi_pwm_custom_xcr/inst/i_if_axi_pwm_custom/data_ch_4_reg[7]/C
i_system_wrapper/system_i/axi_pwm_custom_xcr/inst/i_if_axi_pwm_custom/data_ch_4_reg[8]/C
i_system_wrapper/system_i/axi_pwm_custom_xcr/inst/i_if_axi_pwm_custom/data_ch_4_reg[9]/C
i_system_wrapper/system_i/axi_pwm_custom_xcr/inst/i_if_axi_pwm_custom/data_ch_5_reg[0]/C
i_system_wrapper/system_i/axi_pwm_custom_xcr/inst/i_if_axi_pwm_custom/data_ch_5_reg[10]/C
i_system_wrapper/system_i/axi_pwm_custom_xcr/inst/i_if_axi_pwm_custom/data_ch_5_reg[11]/C
i_system_wrapper/system_i/axi_pwm_custom_xcr/inst/i_if_axi_pwm_custom/data_ch_5_reg[1]/C
i_system_wrapper/system_i/axi_pwm_custom_xcr/inst/i_if_axi_pwm_custom/data_ch_5_reg[2]/C
i_system_wrapper/system_i/axi_pwm_custom_xcr/inst/i_if_axi_pwm_custom/data_ch_5_reg[3]/C
i_system_wrapper/system_i/axi_pwm_custom_xcr/inst/i_if_axi_pwm_custom/data_ch_5_reg[4]/C
i_system_wrapper/system_i/axi_pwm_custom_xcr/inst/i_if_axi_pwm_custom/data_ch_5_reg[5]/C
i_system_wrapper/system_i/axi_pwm_custom_xcr/inst/i_if_axi_pwm_custom/data_ch_5_reg[6]/C
i_system_wrapper/system_i/axi_pwm_custom_xcr/inst/i_if_axi_pwm_custom/data_ch_5_reg[7]/C
i_system_wrapper/system_i/axi_pwm_custom_xcr/inst/i_if_axi_pwm_custom/data_ch_5_reg[8]/C
i_system_wrapper/system_i/axi_pwm_custom_xcr/inst/i_if_axi_pwm_custom/data_ch_5_reg[9]/C

 There are 72 register/latch pins with no clock driven by root clock pin: i_system_wrapper/system_i/axi_pwm_custom_xcr/inst/i_if_axi_pwm_custom/counter_reg[10]/Q (HIGH)

i_system_wrapper/system_i/axi_pwm_custom_xcr/inst/i_if_axi_pwm_custom/data_ch_0_reg[0]/C
i_system_wrapper/system_i/axi_pwm_custom_xcr/inst/i_if_axi_pwm_custom/data_ch_0_reg[10]/C
i_system_wrapper/system_i/axi_pwm_custom_xcr/inst/i_if_axi_pwm_custom/data_ch_0_reg[11]/C
i_system_wrapper/system_i/axi_pwm_custom_xcr/inst/i_if_axi_pwm_custom/data_ch_0_reg[1]/C
i_system_wrapper/system_i/axi_pwm_custom_xcr/inst/i_if_axi_pwm_custom/data_ch_0_reg[2]/C
i_system_wrapper/system_i/axi_pwm_custom_xcr/inst/i_if_axi_pwm_custom/data_ch_0_reg[3]/C
i_system_wrapper/system_i/axi_pwm_custom_xcr/inst/i_if_axi_pwm_custom/data_ch_0_reg[4]/C
i_system_wrapper/system_i/axi_pwm_custom_xcr/inst/i_if_axi_pwm_custom/data_ch_0_reg[5]/C
i_system_wrapper/system_i/axi_pwm_custom_xcr/inst/i_if_axi_pwm_custom/data_ch_0_reg[6]/C
i_system_wrapper/system_i/axi_pwm_custom_xcr/inst/i_if_axi_pwm_custom/data_ch_0_reg[7]/C
i_system_wrapper/system_i/axi_pwm_custom_xcr/inst/i_if_axi_pwm_custom/data_ch_0_reg[8]/C
i_system_wrapper/system_i/axi_pwm_custom_xcr/inst/i_if_axi_pwm_custom/data_ch_0_reg[9]/C
i_system_wrapper/system_i/axi_pwm_custom_xcr/inst/i_if_axi_pwm_custom/data_ch_1_reg[0]/C
i_system_wrapper/system_i/axi_pwm_custom_xcr/inst/i_if_axi_pwm_custom/data_ch_1_reg[10]/C
i_system_wrapper/system_i/axi_pwm_custom_xcr/inst/i_if_axi_pwm_custom/data_ch_1_reg[11]/C
i_system_wrapper/system_i/axi_pwm_custom_xcr/inst/i_if_axi_pwm_custom/data_ch_1_reg[1]/C
i_system_wrapper/system_i/axi_pwm_custom_xcr/inst/i_if_axi_pwm_custom/data_ch_1_reg[2]/C
i_system_wrapper/system_i/axi_pwm_custom_xcr/inst/i_if_axi_pwm_custom/data_ch_1_reg[3]/C
i_system_wrapper/system_i/axi_pwm_custom_xcr/inst/i_if_axi_pwm_custom/data_ch_1_reg[4]/C
i_system_wrapper/system_i/axi_pwm_custom_xcr/inst/i_if_axi_pwm_custom/data_ch_1_reg[5]/C
i_system_wrapper/system_i/axi_pwm_custom_xcr/inst/i_if_axi_pwm_custom/data_ch_1_reg[6]/C
i_system_wrapper/system_i/axi_pwm_custom_xcr/inst/i_if_axi_pwm_custom/data_ch_1_reg[7]/C
i_system_wrapper/system_i/axi_pwm_custom_xcr/inst/i_if_axi_pwm_custom/data_ch_1_reg[8]/C
i_system_wrapper/system_i/axi_pwm_custom_xcr/inst/i_if_axi_pwm_custom/data_ch_1_reg[9]/C
i_system_wrapper/system_i/axi_pwm_custom_xcr/inst/i_if_axi_pwm_custom/data_ch_2_reg[0]/C
i_system_wrapper/system_i/axi_pwm_custom_xcr/inst/i_if_axi_pwm_custom/data_ch_2_reg[10]/C
i_system_wrapper/system_i/axi_pwm_custom_xcr/inst/i_if_axi_pwm_custom/data_ch_2_reg[11]/C
i_system_wrapper/system_i/axi_pwm_custom_xcr/inst/i_if_axi_pwm_custom/data_ch_2_reg[1]/C
i_system_wrapper/system_i/axi_pwm_custom_xcr/inst/i_if_axi_pwm_custom/data_ch_2_reg[2]/C
i_system_wrapper/system_i/axi_pwm_custom_xcr/inst/i_if_axi_pwm_custom/data_ch_2_reg[3]/C
i_system_wrapper/system_i/axi_pwm_custom_xcr/inst/i_if_axi_pwm_custom/data_ch_2_reg[4]/C
i_system_wrapper/system_i/axi_pwm_custom_xcr/inst/i_if_axi_pwm_custom/data_ch_2_reg[5]/C
i_system_wrapper/system_i/axi_pwm_custom_xcr/inst/i_if_axi_pwm_custom/data_ch_2_reg[6]/C
i_system_wrapper/system_i/axi_pwm_custom_xcr/inst/i_if_axi_pwm_custom/data_ch_2_reg[7]/C
i_system_wrapper/system_i/axi_pwm_custom_xcr/inst/i_if_axi_pwm_custom/data_ch_2_reg[8]/C
i_system_wrapper/system_i/axi_pwm_custom_xcr/inst/i_if_axi_pwm_custom/data_ch_2_reg[9]/C
i_system_wrapper/system_i/axi_pwm_custom_xcr/inst/i_if_axi_pwm_custom/data_ch_3_reg[0]/C
i_system_wrapper/system_i/axi_pwm_custom_xcr/inst/i_if_axi_pwm_custom/data_ch_3_reg[10]/C
i_system_wrapper/system_i/axi_pwm_custom_xcr/inst/i_if_axi_pwm_custom/data_ch_3_reg[11]/C
i_system_wrapper/system_i/axi_pwm_custom_xcr/inst/i_if_axi_pwm_custom/data_ch_3_reg[1]/C
i_system_wrapper/system_i/axi_pwm_custom_xcr/inst/i_if_axi_pwm_custom/data_ch_3_reg[2]/C
i_system_wrapper/system_i/axi_pwm_custom_xcr/inst/i_if_axi_pwm_custom/data_ch_3_reg[3]/C
i_system_wrapper/system_i/axi_pwm_custom_xcr/inst/i_if_axi_pwm_custom/data_ch_3_reg[4]/C
i_system_wrapper/system_i/axi_pwm_custom_xcr/inst/i_if_axi_pwm_custom/data_ch_3_reg[5]/C
i_system_wrapper/system_i/axi_pwm_custom_xcr/inst/i_if_axi_pwm_custom/data_ch_3_reg[6]/C
i_system_wrapper/system_i/axi_pwm_custom_xcr/inst/i_if_axi_pwm_custom/data_ch_3_reg[7]/C
i_system_wrapper/system_i/axi_pwm_custom_xcr/inst/i_if_axi_pwm_custom/data_ch_3_reg[8]/C
i_system_wrapper/system_i/axi_pwm_custom_xcr/inst/i_if_axi_pwm_custom/data_ch_3_reg[9]/C
i_system_wrapper/system_i/axi_pwm_custom_xcr/inst/i_if_axi_pwm_custom/data_ch_4_reg[0]/C
i_system_wrapper/system_i/axi_pwm_custom_xcr/inst/i_if_axi_pwm_custom/data_ch_4_reg[10]/C
i_system_wrapper/system_i/axi_pwm_custom_xcr/inst/i_if_axi_pwm_custom/data_ch_4_reg[11]/C
i_system_wrapper/system_i/axi_pwm_custom_xcr/inst/i_if_axi_pwm_custom/data_ch_4_reg[1]/C
i_system_wrapper/system_i/axi_pwm_custom_xcr/inst/i_if_axi_pwm_custom/data_ch_4_reg[2]/C
i_system_wrapper/system_i/axi_pwm_custom_xcr/inst/i_if_axi_pwm_custom/data_ch_4_reg[3]/C
i_system_wrapper/system_i/axi_pwm_custom_xcr/inst/i_if_axi_pwm_custom/data_ch_4_reg[4]/C
i_system_wrapper/system_i/axi_pwm_custom_xcr/inst/i_if_axi_pwm_custom/data_ch_4_reg[5]/C
i_system_wrapper/system_i/axi_pwm_custom_xcr/inst/i_if_axi_pwm_custom/data_ch_4_reg[6]/C
i_system_wrapper/system_i/axi_pwm_custom_xcr/inst/i_if_axi_pwm_custom/data_ch_4_reg[7]/C
i_system_wrapper/system_i/axi_pwm_custom_xcr/inst/i_if_axi_pwm_custom/data_ch_4_reg[8]/C
i_system_wrapper/system_i/axi_pwm_custom_xcr/inst/i_if_axi_pwm_custom/data_ch_4_reg[9]/C
i_system_wrapper/system_i/axi_pwm_custom_xcr/inst/i_if_axi_pwm_custom/data_ch_5_reg[0]/C
i_system_wrapper/system_i/axi_pwm_custom_xcr/inst/i_if_axi_pwm_custom/data_ch_5_reg[10]/C
i_system_wrapper/system_i/axi_pwm_custom_xcr/inst/i_if_axi_pwm_custom/data_ch_5_reg[11]/C
i_system_wrapper/system_i/axi_pwm_custom_xcr/inst/i_if_axi_pwm_custom/data_ch_5_reg[1]/C
i_system_wrapper/system_i/axi_pwm_custom_xcr/inst/i_if_axi_pwm_custom/data_ch_5_reg[2]/C
i_system_wrapper/system_i/axi_pwm_custom_xcr/inst/i_if_axi_pwm_custom/data_ch_5_reg[3]/C
i_system_wrapper/system_i/axi_pwm_custom_xcr/inst/i_if_axi_pwm_custom/data_ch_5_reg[4]/C
i_system_wrapper/system_i/axi_pwm_custom_xcr/inst/i_if_axi_pwm_custom/data_ch_5_reg[5]/C
i_system_wrapper/system_i/axi_pwm_custom_xcr/inst/i_if_axi_pwm_custom/data_ch_5_reg[6]/C
i_system_wrapper/system_i/axi_pwm_custom_xcr/inst/i_if_axi_pwm_custom/data_ch_5_reg[7]/C
i_system_wrapper/system_i/axi_pwm_custom_xcr/inst/i_if_axi_pwm_custom/data_ch_5_reg[8]/C
i_system_wrapper/system_i/axi_pwm_custom_xcr/inst/i_if_axi_pwm_custom/data_ch_5_reg[9]/C

 There are 72 register/latch pins with no clock driven by root clock pin: i_system_wrapper/system_i/axi_pwm_custom_xcr/inst/i_if_axi_pwm_custom/counter_reg[11]/Q (HIGH)

i_system_wrapper/system_i/axi_pwm_custom_xcr/inst/i_if_axi_pwm_custom/data_ch_0_reg[0]/C
i_system_wrapper/system_i/axi_pwm_custom_xcr/inst/i_if_axi_pwm_custom/data_ch_0_reg[10]/C
i_system_wrapper/system_i/axi_pwm_custom_xcr/inst/i_if_axi_pwm_custom/data_ch_0_reg[11]/C
i_system_wrapper/system_i/axi_pwm_custom_xcr/inst/i_if_axi_pwm_custom/data_ch_0_reg[1]/C
i_system_wrapper/system_i/axi_pwm_custom_xcr/inst/i_if_axi_pwm_custom/data_ch_0_reg[2]/C
i_system_wrapper/system_i/axi_pwm_custom_xcr/inst/i_if_axi_pwm_custom/data_ch_0_reg[3]/C
i_system_wrapper/system_i/axi_pwm_custom_xcr/inst/i_if_axi_pwm_custom/data_ch_0_reg[4]/C
i_system_wrapper/system_i/axi_pwm_custom_xcr/inst/i_if_axi_pwm_custom/data_ch_0_reg[5]/C
i_system_wrapper/system_i/axi_pwm_custom_xcr/inst/i_if_axi_pwm_custom/data_ch_0_reg[6]/C
i_system_wrapper/system_i/axi_pwm_custom_xcr/inst/i_if_axi_pwm_custom/data_ch_0_reg[7]/C
i_system_wrapper/system_i/axi_pwm_custom_xcr/inst/i_if_axi_pwm_custom/data_ch_0_reg[8]/C
i_system_wrapper/system_i/axi_pwm_custom_xcr/inst/i_if_axi_pwm_custom/data_ch_0_reg[9]/C
i_system_wrapper/system_i/axi_pwm_custom_xcr/inst/i_if_axi_pwm_custom/data_ch_1_reg[0]/C
i_system_wrapper/system_i/axi_pwm_custom_xcr/inst/i_if_axi_pwm_custom/data_ch_1_reg[10]/C
i_system_wrapper/system_i/axi_pwm_custom_xcr/inst/i_if_axi_pwm_custom/data_ch_1_reg[11]/C
i_system_wrapper/system_i/axi_pwm_custom_xcr/inst/i_if_axi_pwm_custom/data_ch_1_reg[1]/C
i_system_wrapper/system_i/axi_pwm_custom_xcr/inst/i_if_axi_pwm_custom/data_ch_1_reg[2]/C
i_system_wrapper/system_i/axi_pwm_custom_xcr/inst/i_if_axi_pwm_custom/data_ch_1_reg[3]/C
i_system_wrapper/system_i/axi_pwm_custom_xcr/inst/i_if_axi_pwm_custom/data_ch_1_reg[4]/C
i_system_wrapper/system_i/axi_pwm_custom_xcr/inst/i_if_axi_pwm_custom/data_ch_1_reg[5]/C
i_system_wrapper/system_i/axi_pwm_custom_xcr/inst/i_if_axi_pwm_custom/data_ch_1_reg[6]/C
i_system_wrapper/system_i/axi_pwm_custom_xcr/inst/i_if_axi_pwm_custom/data_ch_1_reg[7]/C
i_system_wrapper/system_i/axi_pwm_custom_xcr/inst/i_if_axi_pwm_custom/data_ch_1_reg[8]/C
i_system_wrapper/system_i/axi_pwm_custom_xcr/inst/i_if_axi_pwm_custom/data_ch_1_reg[9]/C
i_system_wrapper/system_i/axi_pwm_custom_xcr/inst/i_if_axi_pwm_custom/data_ch_2_reg[0]/C
i_system_wrapper/system_i/axi_pwm_custom_xcr/inst/i_if_axi_pwm_custom/data_ch_2_reg[10]/C
i_system_wrapper/system_i/axi_pwm_custom_xcr/inst/i_if_axi_pwm_custom/data_ch_2_reg[11]/C
i_system_wrapper/system_i/axi_pwm_custom_xcr/inst/i_if_axi_pwm_custom/data_ch_2_reg[1]/C
i_system_wrapper/system_i/axi_pwm_custom_xcr/inst/i_if_axi_pwm_custom/data_ch_2_reg[2]/C
i_system_wrapper/system_i/axi_pwm_custom_xcr/inst/i_if_axi_pwm_custom/data_ch_2_reg[3]/C
i_system_wrapper/system_i/axi_pwm_custom_xcr/inst/i_if_axi_pwm_custom/data_ch_2_reg[4]/C
i_system_wrapper/system_i/axi_pwm_custom_xcr/inst/i_if_axi_pwm_custom/data_ch_2_reg[5]/C
i_system_wrapper/system_i/axi_pwm_custom_xcr/inst/i_if_axi_pwm_custom/data_ch_2_reg[6]/C
i_system_wrapper/system_i/axi_pwm_custom_xcr/inst/i_if_axi_pwm_custom/data_ch_2_reg[7]/C
i_system_wrapper/system_i/axi_pwm_custom_xcr/inst/i_if_axi_pwm_custom/data_ch_2_reg[8]/C
i_system_wrapper/system_i/axi_pwm_custom_xcr/inst/i_if_axi_pwm_custom/data_ch_2_reg[9]/C
i_system_wrapper/system_i/axi_pwm_custom_xcr/inst/i_if_axi_pwm_custom/data_ch_3_reg[0]/C
i_system_wrapper/system_i/axi_pwm_custom_xcr/inst/i_if_axi_pwm_custom/data_ch_3_reg[10]/C
i_system_wrapper/system_i/axi_pwm_custom_xcr/inst/i_if_axi_pwm_custom/data_ch_3_reg[11]/C
i_system_wrapper/system_i/axi_pwm_custom_xcr/inst/i_if_axi_pwm_custom/data_ch_3_reg[1]/C
i_system_wrapper/system_i/axi_pwm_custom_xcr/inst/i_if_axi_pwm_custom/data_ch_3_reg[2]/C
i_system_wrapper/system_i/axi_pwm_custom_xcr/inst/i_if_axi_pwm_custom/data_ch_3_reg[3]/C
i_system_wrapper/system_i/axi_pwm_custom_xcr/inst/i_if_axi_pwm_custom/data_ch_3_reg[4]/C
i_system_wrapper/system_i/axi_pwm_custom_xcr/inst/i_if_axi_pwm_custom/data_ch_3_reg[5]/C
i_system_wrapper/system_i/axi_pwm_custom_xcr/inst/i_if_axi_pwm_custom/data_ch_3_reg[6]/C
i_system_wrapper/system_i/axi_pwm_custom_xcr/inst/i_if_axi_pwm_custom/data_ch_3_reg[7]/C
i_system_wrapper/system_i/axi_pwm_custom_xcr/inst/i_if_axi_pwm_custom/data_ch_3_reg[8]/C
i_system_wrapper/system_i/axi_pwm_custom_xcr/inst/i_if_axi_pwm_custom/data_ch_3_reg[9]/C
i_system_wrapper/system_i/axi_pwm_custom_xcr/inst/i_if_axi_pwm_custom/data_ch_4_reg[0]/C
i_system_wrapper/system_i/axi_pwm_custom_xcr/inst/i_if_axi_pwm_custom/data_ch_4_reg[10]/C
i_system_wrapper/system_i/axi_pwm_custom_xcr/inst/i_if_axi_pwm_custom/data_ch_4_reg[11]/C
i_system_wrapper/system_i/axi_pwm_custom_xcr/inst/i_if_axi_pwm_custom/data_ch_4_reg[1]/C
i_system_wrapper/system_i/axi_pwm_custom_xcr/inst/i_if_axi_pwm_custom/data_ch_4_reg[2]/C
i_system_wrapper/system_i/axi_pwm_custom_xcr/inst/i_if_axi_pwm_custom/data_ch_4_reg[3]/C
i_system_wrapper/system_i/axi_pwm_custom_xcr/inst/i_if_axi_pwm_custom/data_ch_4_reg[4]/C
i_system_wrapper/system_i/axi_pwm_custom_xcr/inst/i_if_axi_pwm_custom/data_ch_4_reg[5]/C
i_system_wrapper/system_i/axi_pwm_custom_xcr/inst/i_if_axi_pwm_custom/data_ch_4_reg[6]/C
i_system_wrapper/system_i/axi_pwm_custom_xcr/inst/i_if_axi_pwm_custom/data_ch_4_reg[7]/C
i_system_wrapper/system_i/axi_pwm_custom_xcr/inst/i_if_axi_pwm_custom/data_ch_4_reg[8]/C
i_system_wrapper/system_i/axi_pwm_custom_xcr/inst/i_if_axi_pwm_custom/data_ch_4_reg[9]/C
i_system_wrapper/system_i/axi_pwm_custom_xcr/inst/i_if_axi_pwm_custom/data_ch_5_reg[0]/C
i_system_wrapper/system_i/axi_pwm_custom_xcr/inst/i_if_axi_pwm_custom/data_ch_5_reg[10]/C
i_system_wrapper/system_i/axi_pwm_custom_xcr/inst/i_if_axi_pwm_custom/data_ch_5_reg[11]/C
i_system_wrapper/system_i/axi_pwm_custom_xcr/inst/i_if_axi_pwm_custom/data_ch_5_reg[1]/C
i_system_wrapper/system_i/axi_pwm_custom_xcr/inst/i_if_axi_pwm_custom/data_ch_5_reg[2]/C
i_system_wrapper/system_i/axi_pwm_custom_xcr/inst/i_if_axi_pwm_custom/data_ch_5_reg[3]/C
i_system_wrapper/system_i/axi_pwm_custom_xcr/inst/i_if_axi_pwm_custom/data_ch_5_reg[4]/C
i_system_wrapper/system_i/axi_pwm_custom_xcr/inst/i_if_axi_pwm_custom/data_ch_5_reg[5]/C
i_system_wrapper/system_i/axi_pwm_custom_xcr/inst/i_if_axi_pwm_custom/data_ch_5_reg[6]/C
i_system_wrapper/system_i/axi_pwm_custom_xcr/inst/i_if_axi_pwm_custom/data_ch_5_reg[7]/C
i_system_wrapper/system_i/axi_pwm_custom_xcr/inst/i_if_axi_pwm_custom/data_ch_5_reg[8]/C
i_system_wrapper/system_i/axi_pwm_custom_xcr/inst/i_if_axi_pwm_custom/data_ch_5_reg[9]/C

 There are 72 register/latch pins with no clock driven by root clock pin: i_system_wrapper/system_i/axi_pwm_custom_xcr/inst/i_if_axi_pwm_custom/counter_reg[1]/Q (HIGH)

i_system_wrapper/system_i/axi_pwm_custom_xcr/inst/i_if_axi_pwm_custom/data_ch_0_reg[0]/C
i_system_wrapper/system_i/axi_pwm_custom_xcr/inst/i_if_axi_pwm_custom/data_ch_0_reg[10]/C
i_system_wrapper/system_i/axi_pwm_custom_xcr/inst/i_if_axi_pwm_custom/data_ch_0_reg[11]/C
i_system_wrapper/system_i/axi_pwm_custom_xcr/inst/i_if_axi_pwm_custom/data_ch_0_reg[1]/C
i_system_wrapper/system_i/axi_pwm_custom_xcr/inst/i_if_axi_pwm_custom/data_ch_0_reg[2]/C
i_system_wrapper/system_i/axi_pwm_custom_xcr/inst/i_if_axi_pwm_custom/data_ch_0_reg[3]/C
i_system_wrapper/system_i/axi_pwm_custom_xcr/inst/i_if_axi_pwm_custom/data_ch_0_reg[4]/C
i_system_wrapper/system_i/axi_pwm_custom_xcr/inst/i_if_axi_pwm_custom/data_ch_0_reg[5]/C
i_system_wrapper/system_i/axi_pwm_custom_xcr/inst/i_if_axi_pwm_custom/data_ch_0_reg[6]/C
i_system_wrapper/system_i/axi_pwm_custom_xcr/inst/i_if_axi_pwm_custom/data_ch_0_reg[7]/C
i_system_wrapper/system_i/axi_pwm_custom_xcr/inst/i_if_axi_pwm_custom/data_ch_0_reg[8]/C
i_system_wrapper/system_i/axi_pwm_custom_xcr/inst/i_if_axi_pwm_custom/data_ch_0_reg[9]/C
i_system_wrapper/system_i/axi_pwm_custom_xcr/inst/i_if_axi_pwm_custom/data_ch_1_reg[0]/C
i_system_wrapper/system_i/axi_pwm_custom_xcr/inst/i_if_axi_pwm_custom/data_ch_1_reg[10]/C
i_system_wrapper/system_i/axi_pwm_custom_xcr/inst/i_if_axi_pwm_custom/data_ch_1_reg[11]/C
i_system_wrapper/system_i/axi_pwm_custom_xcr/inst/i_if_axi_pwm_custom/data_ch_1_reg[1]/C
i_system_wrapper/system_i/axi_pwm_custom_xcr/inst/i_if_axi_pwm_custom/data_ch_1_reg[2]/C
i_system_wrapper/system_i/axi_pwm_custom_xcr/inst/i_if_axi_pwm_custom/data_ch_1_reg[3]/C
i_system_wrapper/system_i/axi_pwm_custom_xcr/inst/i_if_axi_pwm_custom/data_ch_1_reg[4]/C
i_system_wrapper/system_i/axi_pwm_custom_xcr/inst/i_if_axi_pwm_custom/data_ch_1_reg[5]/C
i_system_wrapper/system_i/axi_pwm_custom_xcr/inst/i_if_axi_pwm_custom/data_ch_1_reg[6]/C
i_system_wrapper/system_i/axi_pwm_custom_xcr/inst/i_if_axi_pwm_custom/data_ch_1_reg[7]/C
i_system_wrapper/system_i/axi_pwm_custom_xcr/inst/i_if_axi_pwm_custom/data_ch_1_reg[8]/C
i_system_wrapper/system_i/axi_pwm_custom_xcr/inst/i_if_axi_pwm_custom/data_ch_1_reg[9]/C
i_system_wrapper/system_i/axi_pwm_custom_xcr/inst/i_if_axi_pwm_custom/data_ch_2_reg[0]/C
i_system_wrapper/system_i/axi_pwm_custom_xcr/inst/i_if_axi_pwm_custom/data_ch_2_reg[10]/C
i_system_wrapper/system_i/axi_pwm_custom_xcr/inst/i_if_axi_pwm_custom/data_ch_2_reg[11]/C
i_system_wrapper/system_i/axi_pwm_custom_xcr/inst/i_if_axi_pwm_custom/data_ch_2_reg[1]/C
i_system_wrapper/system_i/axi_pwm_custom_xcr/inst/i_if_axi_pwm_custom/data_ch_2_reg[2]/C
i_system_wrapper/system_i/axi_pwm_custom_xcr/inst/i_if_axi_pwm_custom/data_ch_2_reg[3]/C
i_system_wrapper/system_i/axi_pwm_custom_xcr/inst/i_if_axi_pwm_custom/data_ch_2_reg[4]/C
i_system_wrapper/system_i/axi_pwm_custom_xcr/inst/i_if_axi_pwm_custom/data_ch_2_reg[5]/C
i_system_wrapper/system_i/axi_pwm_custom_xcr/inst/i_if_axi_pwm_custom/data_ch_2_reg[6]/C
i_system_wrapper/system_i/axi_pwm_custom_xcr/inst/i_if_axi_pwm_custom/data_ch_2_reg[7]/C
i_system_wrapper/system_i/axi_pwm_custom_xcr/inst/i_if_axi_pwm_custom/data_ch_2_reg[8]/C
i_system_wrapper/system_i/axi_pwm_custom_xcr/inst/i_if_axi_pwm_custom/data_ch_2_reg[9]/C
i_system_wrapper/system_i/axi_pwm_custom_xcr/inst/i_if_axi_pwm_custom/data_ch_3_reg[0]/C
i_system_wrapper/system_i/axi_pwm_custom_xcr/inst/i_if_axi_pwm_custom/data_ch_3_reg[10]/C
i_system_wrapper/system_i/axi_pwm_custom_xcr/inst/i_if_axi_pwm_custom/data_ch_3_reg[11]/C
i_system_wrapper/system_i/axi_pwm_custom_xcr/inst/i_if_axi_pwm_custom/data_ch_3_reg[1]/C
i_system_wrapper/system_i/axi_pwm_custom_xcr/inst/i_if_axi_pwm_custom/data_ch_3_reg[2]/C
i_system_wrapper/system_i/axi_pwm_custom_xcr/inst/i_if_axi_pwm_custom/data_ch_3_reg[3]/C
i_system_wrapper/system_i/axi_pwm_custom_xcr/inst/i_if_axi_pwm_custom/data_ch_3_reg[4]/C
i_system_wrapper/system_i/axi_pwm_custom_xcr/inst/i_if_axi_pwm_custom/data_ch_3_reg[5]/C
i_system_wrapper/system_i/axi_pwm_custom_xcr/inst/i_if_axi_pwm_custom/data_ch_3_reg[6]/C
i_system_wrapper/system_i/axi_pwm_custom_xcr/inst/i_if_axi_pwm_custom/data_ch_3_reg[7]/C
i_system_wrapper/system_i/axi_pwm_custom_xcr/inst/i_if_axi_pwm_custom/data_ch_3_reg[8]/C
i_system_wrapper/system_i/axi_pwm_custom_xcr/inst/i_if_axi_pwm_custom/data_ch_3_reg[9]/C
i_system_wrapper/system_i/axi_pwm_custom_xcr/inst/i_if_axi_pwm_custom/data_ch_4_reg[0]/C
i_system_wrapper/system_i/axi_pwm_custom_xcr/inst/i_if_axi_pwm_custom/data_ch_4_reg[10]/C
i_system_wrapper/system_i/axi_pwm_custom_xcr/inst/i_if_axi_pwm_custom/data_ch_4_reg[11]/C
i_system_wrapper/system_i/axi_pwm_custom_xcr/inst/i_if_axi_pwm_custom/data_ch_4_reg[1]/C
i_system_wrapper/system_i/axi_pwm_custom_xcr/inst/i_if_axi_pwm_custom/data_ch_4_reg[2]/C
i_system_wrapper/system_i/axi_pwm_custom_xcr/inst/i_if_axi_pwm_custom/data_ch_4_reg[3]/C
i_system_wrapper/system_i/axi_pwm_custom_xcr/inst/i_if_axi_pwm_custom/data_ch_4_reg[4]/C
i_system_wrapper/system_i/axi_pwm_custom_xcr/inst/i_if_axi_pwm_custom/data_ch_4_reg[5]/C
i_system_wrapper/system_i/axi_pwm_custom_xcr/inst/i_if_axi_pwm_custom/data_ch_4_reg[6]/C
i_system_wrapper/system_i/axi_pwm_custom_xcr/inst/i_if_axi_pwm_custom/data_ch_4_reg[7]/C
i_system_wrapper/system_i/axi_pwm_custom_xcr/inst/i_if_axi_pwm_custom/data_ch_4_reg[8]/C
i_system_wrapper/system_i/axi_pwm_custom_xcr/inst/i_if_axi_pwm_custom/data_ch_4_reg[9]/C
i_system_wrapper/system_i/axi_pwm_custom_xcr/inst/i_if_axi_pwm_custom/data_ch_5_reg[0]/C
i_system_wrapper/system_i/axi_pwm_custom_xcr/inst/i_if_axi_pwm_custom/data_ch_5_reg[10]/C
i_system_wrapper/system_i/axi_pwm_custom_xcr/inst/i_if_axi_pwm_custom/data_ch_5_reg[11]/C
i_system_wrapper/system_i/axi_pwm_custom_xcr/inst/i_if_axi_pwm_custom/data_ch_5_reg[1]/C
i_system_wrapper/system_i/axi_pwm_custom_xcr/inst/i_if_axi_pwm_custom/data_ch_5_reg[2]/C
i_system_wrapper/system_i/axi_pwm_custom_xcr/inst/i_if_axi_pwm_custom/data_ch_5_reg[3]/C
i_system_wrapper/system_i/axi_pwm_custom_xcr/inst/i_if_axi_pwm_custom/data_ch_5_reg[4]/C
i_system_wrapper/system_i/axi_pwm_custom_xcr/inst/i_if_axi_pwm_custom/data_ch_5_reg[5]/C
i_system_wrapper/system_i/axi_pwm_custom_xcr/inst/i_if_axi_pwm_custom/data_ch_5_reg[6]/C
i_system_wrapper/system_i/axi_pwm_custom_xcr/inst/i_if_axi_pwm_custom/data_ch_5_reg[7]/C
i_system_wrapper/system_i/axi_pwm_custom_xcr/inst/i_if_axi_pwm_custom/data_ch_5_reg[8]/C
i_system_wrapper/system_i/axi_pwm_custom_xcr/inst/i_if_axi_pwm_custom/data_ch_5_reg[9]/C

 There are 72 register/latch pins with no clock driven by root clock pin: i_system_wrapper/system_i/axi_pwm_custom_xcr/inst/i_if_axi_pwm_custom/counter_reg[2]/Q (HIGH)

i_system_wrapper/system_i/axi_pwm_custom_xcr/inst/i_if_axi_pwm_custom/data_ch_0_reg[0]/C
i_system_wrapper/system_i/axi_pwm_custom_xcr/inst/i_if_axi_pwm_custom/data_ch_0_reg[10]/C
i_system_wrapper/system_i/axi_pwm_custom_xcr/inst/i_if_axi_pwm_custom/data_ch_0_reg[11]/C
i_system_wrapper/system_i/axi_pwm_custom_xcr/inst/i_if_axi_pwm_custom/data_ch_0_reg[1]/C
i_system_wrapper/system_i/axi_pwm_custom_xcr/inst/i_if_axi_pwm_custom/data_ch_0_reg[2]/C
i_system_wrapper/system_i/axi_pwm_custom_xcr/inst/i_if_axi_pwm_custom/data_ch_0_reg[3]/C
i_system_wrapper/system_i/axi_pwm_custom_xcr/inst/i_if_axi_pwm_custom/data_ch_0_reg[4]/C
i_system_wrapper/system_i/axi_pwm_custom_xcr/inst/i_if_axi_pwm_custom/data_ch_0_reg[5]/C
i_system_wrapper/system_i/axi_pwm_custom_xcr/inst/i_if_axi_pwm_custom/data_ch_0_reg[6]/C
i_system_wrapper/system_i/axi_pwm_custom_xcr/inst/i_if_axi_pwm_custom/data_ch_0_reg[7]/C
i_system_wrapper/system_i/axi_pwm_custom_xcr/inst/i_if_axi_pwm_custom/data_ch_0_reg[8]/C
i_system_wrapper/system_i/axi_pwm_custom_xcr/inst/i_if_axi_pwm_custom/data_ch_0_reg[9]/C
i_system_wrapper/system_i/axi_pwm_custom_xcr/inst/i_if_axi_pwm_custom/data_ch_1_reg[0]/C
i_system_wrapper/system_i/axi_pwm_custom_xcr/inst/i_if_axi_pwm_custom/data_ch_1_reg[10]/C
i_system_wrapper/system_i/axi_pwm_custom_xcr/inst/i_if_axi_pwm_custom/data_ch_1_reg[11]/C
i_system_wrapper/system_i/axi_pwm_custom_xcr/inst/i_if_axi_pwm_custom/data_ch_1_reg[1]/C
i_system_wrapper/system_i/axi_pwm_custom_xcr/inst/i_if_axi_pwm_custom/data_ch_1_reg[2]/C
i_system_wrapper/system_i/axi_pwm_custom_xcr/inst/i_if_axi_pwm_custom/data_ch_1_reg[3]/C
i_system_wrapper/system_i/axi_pwm_custom_xcr/inst/i_if_axi_pwm_custom/data_ch_1_reg[4]/C
i_system_wrapper/system_i/axi_pwm_custom_xcr/inst/i_if_axi_pwm_custom/data_ch_1_reg[5]/C
i_system_wrapper/system_i/axi_pwm_custom_xcr/inst/i_if_axi_pwm_custom/data_ch_1_reg[6]/C
i_system_wrapper/system_i/axi_pwm_custom_xcr/inst/i_if_axi_pwm_custom/data_ch_1_reg[7]/C
i_system_wrapper/system_i/axi_pwm_custom_xcr/inst/i_if_axi_pwm_custom/data_ch_1_reg[8]/C
i_system_wrapper/system_i/axi_pwm_custom_xcr/inst/i_if_axi_pwm_custom/data_ch_1_reg[9]/C
i_system_wrapper/system_i/axi_pwm_custom_xcr/inst/i_if_axi_pwm_custom/data_ch_2_reg[0]/C
i_system_wrapper/system_i/axi_pwm_custom_xcr/inst/i_if_axi_pwm_custom/data_ch_2_reg[10]/C
i_system_wrapper/system_i/axi_pwm_custom_xcr/inst/i_if_axi_pwm_custom/data_ch_2_reg[11]/C
i_system_wrapper/system_i/axi_pwm_custom_xcr/inst/i_if_axi_pwm_custom/data_ch_2_reg[1]/C
i_system_wrapper/system_i/axi_pwm_custom_xcr/inst/i_if_axi_pwm_custom/data_ch_2_reg[2]/C
i_system_wrapper/system_i/axi_pwm_custom_xcr/inst/i_if_axi_pwm_custom/data_ch_2_reg[3]/C
i_system_wrapper/system_i/axi_pwm_custom_xcr/inst/i_if_axi_pwm_custom/data_ch_2_reg[4]/C
i_system_wrapper/system_i/axi_pwm_custom_xcr/inst/i_if_axi_pwm_custom/data_ch_2_reg[5]/C
i_system_wrapper/system_i/axi_pwm_custom_xcr/inst/i_if_axi_pwm_custom/data_ch_2_reg[6]/C
i_system_wrapper/system_i/axi_pwm_custom_xcr/inst/i_if_axi_pwm_custom/data_ch_2_reg[7]/C
i_system_wrapper/system_i/axi_pwm_custom_xcr/inst/i_if_axi_pwm_custom/data_ch_2_reg[8]/C
i_system_wrapper/system_i/axi_pwm_custom_xcr/inst/i_if_axi_pwm_custom/data_ch_2_reg[9]/C
i_system_wrapper/system_i/axi_pwm_custom_xcr/inst/i_if_axi_pwm_custom/data_ch_3_reg[0]/C
i_system_wrapper/system_i/axi_pwm_custom_xcr/inst/i_if_axi_pwm_custom/data_ch_3_reg[10]/C
i_system_wrapper/system_i/axi_pwm_custom_xcr/inst/i_if_axi_pwm_custom/data_ch_3_reg[11]/C
i_system_wrapper/system_i/axi_pwm_custom_xcr/inst/i_if_axi_pwm_custom/data_ch_3_reg[1]/C
i_system_wrapper/system_i/axi_pwm_custom_xcr/inst/i_if_axi_pwm_custom/data_ch_3_reg[2]/C
i_system_wrapper/system_i/axi_pwm_custom_xcr/inst/i_if_axi_pwm_custom/data_ch_3_reg[3]/C
i_system_wrapper/system_i/axi_pwm_custom_xcr/inst/i_if_axi_pwm_custom/data_ch_3_reg[4]/C
i_system_wrapper/system_i/axi_pwm_custom_xcr/inst/i_if_axi_pwm_custom/data_ch_3_reg[5]/C
i_system_wrapper/system_i/axi_pwm_custom_xcr/inst/i_if_axi_pwm_custom/data_ch_3_reg[6]/C
i_system_wrapper/system_i/axi_pwm_custom_xcr/inst/i_if_axi_pwm_custom/data_ch_3_reg[7]/C
i_system_wrapper/system_i/axi_pwm_custom_xcr/inst/i_if_axi_pwm_custom/data_ch_3_reg[8]/C
i_system_wrapper/system_i/axi_pwm_custom_xcr/inst/i_if_axi_pwm_custom/data_ch_3_reg[9]/C
i_system_wrapper/system_i/axi_pwm_custom_xcr/inst/i_if_axi_pwm_custom/data_ch_4_reg[0]/C
i_system_wrapper/system_i/axi_pwm_custom_xcr/inst/i_if_axi_pwm_custom/data_ch_4_reg[10]/C
i_system_wrapper/system_i/axi_pwm_custom_xcr/inst/i_if_axi_pwm_custom/data_ch_4_reg[11]/C
i_system_wrapper/system_i/axi_pwm_custom_xcr/inst/i_if_axi_pwm_custom/data_ch_4_reg[1]/C
i_system_wrapper/system_i/axi_pwm_custom_xcr/inst/i_if_axi_pwm_custom/data_ch_4_reg[2]/C
i_system_wrapper/system_i/axi_pwm_custom_xcr/inst/i_if_axi_pwm_custom/data_ch_4_reg[3]/C
i_system_wrapper/system_i/axi_pwm_custom_xcr/inst/i_if_axi_pwm_custom/data_ch_4_reg[4]/C
i_system_wrapper/system_i/axi_pwm_custom_xcr/inst/i_if_axi_pwm_custom/data_ch_4_reg[5]/C
i_system_wrapper/system_i/axi_pwm_custom_xcr/inst/i_if_axi_pwm_custom/data_ch_4_reg[6]/C
i_system_wrapper/system_i/axi_pwm_custom_xcr/inst/i_if_axi_pwm_custom/data_ch_4_reg[7]/C
i_system_wrapper/system_i/axi_pwm_custom_xcr/inst/i_if_axi_pwm_custom/data_ch_4_reg[8]/C
i_system_wrapper/system_i/axi_pwm_custom_xcr/inst/i_if_axi_pwm_custom/data_ch_4_reg[9]/C
i_system_wrapper/system_i/axi_pwm_custom_xcr/inst/i_if_axi_pwm_custom/data_ch_5_reg[0]/C
i_system_wrapper/system_i/axi_pwm_custom_xcr/inst/i_if_axi_pwm_custom/data_ch_5_reg[10]/C
i_system_wrapper/system_i/axi_pwm_custom_xcr/inst/i_if_axi_pwm_custom/data_ch_5_reg[11]/C
i_system_wrapper/system_i/axi_pwm_custom_xcr/inst/i_if_axi_pwm_custom/data_ch_5_reg[1]/C
i_system_wrapper/system_i/axi_pwm_custom_xcr/inst/i_if_axi_pwm_custom/data_ch_5_reg[2]/C
i_system_wrapper/system_i/axi_pwm_custom_xcr/inst/i_if_axi_pwm_custom/data_ch_5_reg[3]/C
i_system_wrapper/system_i/axi_pwm_custom_xcr/inst/i_if_axi_pwm_custom/data_ch_5_reg[4]/C
i_system_wrapper/system_i/axi_pwm_custom_xcr/inst/i_if_axi_pwm_custom/data_ch_5_reg[5]/C
i_system_wrapper/system_i/axi_pwm_custom_xcr/inst/i_if_axi_pwm_custom/data_ch_5_reg[6]/C
i_system_wrapper/system_i/axi_pwm_custom_xcr/inst/i_if_axi_pwm_custom/data_ch_5_reg[7]/C
i_system_wrapper/system_i/axi_pwm_custom_xcr/inst/i_if_axi_pwm_custom/data_ch_5_reg[8]/C
i_system_wrapper/system_i/axi_pwm_custom_xcr/inst/i_if_axi_pwm_custom/data_ch_5_reg[9]/C

 There are 72 register/latch pins with no clock driven by root clock pin: i_system_wrapper/system_i/axi_pwm_custom_xcr/inst/i_if_axi_pwm_custom/counter_reg[3]/Q (HIGH)

i_system_wrapper/system_i/axi_pwm_custom_xcr/inst/i_if_axi_pwm_custom/data_ch_0_reg[0]/C
i_system_wrapper/system_i/axi_pwm_custom_xcr/inst/i_if_axi_pwm_custom/data_ch_0_reg[10]/C
i_system_wrapper/system_i/axi_pwm_custom_xcr/inst/i_if_axi_pwm_custom/data_ch_0_reg[11]/C
i_system_wrapper/system_i/axi_pwm_custom_xcr/inst/i_if_axi_pwm_custom/data_ch_0_reg[1]/C
i_system_wrapper/system_i/axi_pwm_custom_xcr/inst/i_if_axi_pwm_custom/data_ch_0_reg[2]/C
i_system_wrapper/system_i/axi_pwm_custom_xcr/inst/i_if_axi_pwm_custom/data_ch_0_reg[3]/C
i_system_wrapper/system_i/axi_pwm_custom_xcr/inst/i_if_axi_pwm_custom/data_ch_0_reg[4]/C
i_system_wrapper/system_i/axi_pwm_custom_xcr/inst/i_if_axi_pwm_custom/data_ch_0_reg[5]/C
i_system_wrapper/system_i/axi_pwm_custom_xcr/inst/i_if_axi_pwm_custom/data_ch_0_reg[6]/C
i_system_wrapper/system_i/axi_pwm_custom_xcr/inst/i_if_axi_pwm_custom/data_ch_0_reg[7]/C
i_system_wrapper/system_i/axi_pwm_custom_xcr/inst/i_if_axi_pwm_custom/data_ch_0_reg[8]/C
i_system_wrapper/system_i/axi_pwm_custom_xcr/inst/i_if_axi_pwm_custom/data_ch_0_reg[9]/C
i_system_wrapper/system_i/axi_pwm_custom_xcr/inst/i_if_axi_pwm_custom/data_ch_1_reg[0]/C
i_system_wrapper/system_i/axi_pwm_custom_xcr/inst/i_if_axi_pwm_custom/data_ch_1_reg[10]/C
i_system_wrapper/system_i/axi_pwm_custom_xcr/inst/i_if_axi_pwm_custom/data_ch_1_reg[11]/C
i_system_wrapper/system_i/axi_pwm_custom_xcr/inst/i_if_axi_pwm_custom/data_ch_1_reg[1]/C
i_system_wrapper/system_i/axi_pwm_custom_xcr/inst/i_if_axi_pwm_custom/data_ch_1_reg[2]/C
i_system_wrapper/system_i/axi_pwm_custom_xcr/inst/i_if_axi_pwm_custom/data_ch_1_reg[3]/C
i_system_wrapper/system_i/axi_pwm_custom_xcr/inst/i_if_axi_pwm_custom/data_ch_1_reg[4]/C
i_system_wrapper/system_i/axi_pwm_custom_xcr/inst/i_if_axi_pwm_custom/data_ch_1_reg[5]/C
i_system_wrapper/system_i/axi_pwm_custom_xcr/inst/i_if_axi_pwm_custom/data_ch_1_reg[6]/C
i_system_wrapper/system_i/axi_pwm_custom_xcr/inst/i_if_axi_pwm_custom/data_ch_1_reg[7]/C
i_system_wrapper/system_i/axi_pwm_custom_xcr/inst/i_if_axi_pwm_custom/data_ch_1_reg[8]/C
i_system_wrapper/system_i/axi_pwm_custom_xcr/inst/i_if_axi_pwm_custom/data_ch_1_reg[9]/C
i_system_wrapper/system_i/axi_pwm_custom_xcr/inst/i_if_axi_pwm_custom/data_ch_2_reg[0]/C
i_system_wrapper/system_i/axi_pwm_custom_xcr/inst/i_if_axi_pwm_custom/data_ch_2_reg[10]/C
i_system_wrapper/system_i/axi_pwm_custom_xcr/inst/i_if_axi_pwm_custom/data_ch_2_reg[11]/C
i_system_wrapper/system_i/axi_pwm_custom_xcr/inst/i_if_axi_pwm_custom/data_ch_2_reg[1]/C
i_system_wrapper/system_i/axi_pwm_custom_xcr/inst/i_if_axi_pwm_custom/data_ch_2_reg[2]/C
i_system_wrapper/system_i/axi_pwm_custom_xcr/inst/i_if_axi_pwm_custom/data_ch_2_reg[3]/C
i_system_wrapper/system_i/axi_pwm_custom_xcr/inst/i_if_axi_pwm_custom/data_ch_2_reg[4]/C
i_system_wrapper/system_i/axi_pwm_custom_xcr/inst/i_if_axi_pwm_custom/data_ch_2_reg[5]/C
i_system_wrapper/system_i/axi_pwm_custom_xcr/inst/i_if_axi_pwm_custom/data_ch_2_reg[6]/C
i_system_wrapper/system_i/axi_pwm_custom_xcr/inst/i_if_axi_pwm_custom/data_ch_2_reg[7]/C
i_system_wrapper/system_i/axi_pwm_custom_xcr/inst/i_if_axi_pwm_custom/data_ch_2_reg[8]/C
i_system_wrapper/system_i/axi_pwm_custom_xcr/inst/i_if_axi_pwm_custom/data_ch_2_reg[9]/C
i_system_wrapper/system_i/axi_pwm_custom_xcr/inst/i_if_axi_pwm_custom/data_ch_3_reg[0]/C
i_system_wrapper/system_i/axi_pwm_custom_xcr/inst/i_if_axi_pwm_custom/data_ch_3_reg[10]/C
i_system_wrapper/system_i/axi_pwm_custom_xcr/inst/i_if_axi_pwm_custom/data_ch_3_reg[11]/C
i_system_wrapper/system_i/axi_pwm_custom_xcr/inst/i_if_axi_pwm_custom/data_ch_3_reg[1]/C
i_system_wrapper/system_i/axi_pwm_custom_xcr/inst/i_if_axi_pwm_custom/data_ch_3_reg[2]/C
i_system_wrapper/system_i/axi_pwm_custom_xcr/inst/i_if_axi_pwm_custom/data_ch_3_reg[3]/C
i_system_wrapper/system_i/axi_pwm_custom_xcr/inst/i_if_axi_pwm_custom/data_ch_3_reg[4]/C
i_system_wrapper/system_i/axi_pwm_custom_xcr/inst/i_if_axi_pwm_custom/data_ch_3_reg[5]/C
i_system_wrapper/system_i/axi_pwm_custom_xcr/inst/i_if_axi_pwm_custom/data_ch_3_reg[6]/C
i_system_wrapper/system_i/axi_pwm_custom_xcr/inst/i_if_axi_pwm_custom/data_ch_3_reg[7]/C
i_system_wrapper/system_i/axi_pwm_custom_xcr/inst/i_if_axi_pwm_custom/data_ch_3_reg[8]/C
i_system_wrapper/system_i/axi_pwm_custom_xcr/inst/i_if_axi_pwm_custom/data_ch_3_reg[9]/C
i_system_wrapper/system_i/axi_pwm_custom_xcr/inst/i_if_axi_pwm_custom/data_ch_4_reg[0]/C
i_system_wrapper/system_i/axi_pwm_custom_xcr/inst/i_if_axi_pwm_custom/data_ch_4_reg[10]/C
i_system_wrapper/system_i/axi_pwm_custom_xcr/inst/i_if_axi_pwm_custom/data_ch_4_reg[11]/C
i_system_wrapper/system_i/axi_pwm_custom_xcr/inst/i_if_axi_pwm_custom/data_ch_4_reg[1]/C
i_system_wrapper/system_i/axi_pwm_custom_xcr/inst/i_if_axi_pwm_custom/data_ch_4_reg[2]/C
i_system_wrapper/system_i/axi_pwm_custom_xcr/inst/i_if_axi_pwm_custom/data_ch_4_reg[3]/C
i_system_wrapper/system_i/axi_pwm_custom_xcr/inst/i_if_axi_pwm_custom/data_ch_4_reg[4]/C
i_system_wrapper/system_i/axi_pwm_custom_xcr/inst/i_if_axi_pwm_custom/data_ch_4_reg[5]/C
i_system_wrapper/system_i/axi_pwm_custom_xcr/inst/i_if_axi_pwm_custom/data_ch_4_reg[6]/C
i_system_wrapper/system_i/axi_pwm_custom_xcr/inst/i_if_axi_pwm_custom/data_ch_4_reg[7]/C
i_system_wrapper/system_i/axi_pwm_custom_xcr/inst/i_if_axi_pwm_custom/data_ch_4_reg[8]/C
i_system_wrapper/system_i/axi_pwm_custom_xcr/inst/i_if_axi_pwm_custom/data_ch_4_reg[9]/C
i_system_wrapper/system_i/axi_pwm_custom_xcr/inst/i_if_axi_pwm_custom/data_ch_5_reg[0]/C
i_system_wrapper/system_i/axi_pwm_custom_xcr/inst/i_if_axi_pwm_custom/data_ch_5_reg[10]/C
i_system_wrapper/system_i/axi_pwm_custom_xcr/inst/i_if_axi_pwm_custom/data_ch_5_reg[11]/C
i_system_wrapper/system_i/axi_pwm_custom_xcr/inst/i_if_axi_pwm_custom/data_ch_5_reg[1]/C
i_system_wrapper/system_i/axi_pwm_custom_xcr/inst/i_if_axi_pwm_custom/data_ch_5_reg[2]/C
i_system_wrapper/system_i/axi_pwm_custom_xcr/inst/i_if_axi_pwm_custom/data_ch_5_reg[3]/C
i_system_wrapper/system_i/axi_pwm_custom_xcr/inst/i_if_axi_pwm_custom/data_ch_5_reg[4]/C
i_system_wrapper/system_i/axi_pwm_custom_xcr/inst/i_if_axi_pwm_custom/data_ch_5_reg[5]/C
i_system_wrapper/system_i/axi_pwm_custom_xcr/inst/i_if_axi_pwm_custom/data_ch_5_reg[6]/C
i_system_wrapper/system_i/axi_pwm_custom_xcr/inst/i_if_axi_pwm_custom/data_ch_5_reg[7]/C
i_system_wrapper/system_i/axi_pwm_custom_xcr/inst/i_if_axi_pwm_custom/data_ch_5_reg[8]/C
i_system_wrapper/system_i/axi_pwm_custom_xcr/inst/i_if_axi_pwm_custom/data_ch_5_reg[9]/C

 There are 72 register/latch pins with no clock driven by root clock pin: i_system_wrapper/system_i/axi_pwm_custom_xcr/inst/i_if_axi_pwm_custom/counter_reg[4]/Q (HIGH)

i_system_wrapper/system_i/axi_pwm_custom_xcr/inst/i_if_axi_pwm_custom/data_ch_0_reg[0]/C
i_system_wrapper/system_i/axi_pwm_custom_xcr/inst/i_if_axi_pwm_custom/data_ch_0_reg[10]/C
i_system_wrapper/system_i/axi_pwm_custom_xcr/inst/i_if_axi_pwm_custom/data_ch_0_reg[11]/C
i_system_wrapper/system_i/axi_pwm_custom_xcr/inst/i_if_axi_pwm_custom/data_ch_0_reg[1]/C
i_system_wrapper/system_i/axi_pwm_custom_xcr/inst/i_if_axi_pwm_custom/data_ch_0_reg[2]/C
i_system_wrapper/system_i/axi_pwm_custom_xcr/inst/i_if_axi_pwm_custom/data_ch_0_reg[3]/C
i_system_wrapper/system_i/axi_pwm_custom_xcr/inst/i_if_axi_pwm_custom/data_ch_0_reg[4]/C
i_system_wrapper/system_i/axi_pwm_custom_xcr/inst/i_if_axi_pwm_custom/data_ch_0_reg[5]/C
i_system_wrapper/system_i/axi_pwm_custom_xcr/inst/i_if_axi_pwm_custom/data_ch_0_reg[6]/C
i_system_wrapper/system_i/axi_pwm_custom_xcr/inst/i_if_axi_pwm_custom/data_ch_0_reg[7]/C
i_system_wrapper/system_i/axi_pwm_custom_xcr/inst/i_if_axi_pwm_custom/data_ch_0_reg[8]/C
i_system_wrapper/system_i/axi_pwm_custom_xcr/inst/i_if_axi_pwm_custom/data_ch_0_reg[9]/C
i_system_wrapper/system_i/axi_pwm_custom_xcr/inst/i_if_axi_pwm_custom/data_ch_1_reg[0]/C
i_system_wrapper/system_i/axi_pwm_custom_xcr/inst/i_if_axi_pwm_custom/data_ch_1_reg[10]/C
i_system_wrapper/system_i/axi_pwm_custom_xcr/inst/i_if_axi_pwm_custom/data_ch_1_reg[11]/C
i_system_wrapper/system_i/axi_pwm_custom_xcr/inst/i_if_axi_pwm_custom/data_ch_1_reg[1]/C
i_system_wrapper/system_i/axi_pwm_custom_xcr/inst/i_if_axi_pwm_custom/data_ch_1_reg[2]/C
i_system_wrapper/system_i/axi_pwm_custom_xcr/inst/i_if_axi_pwm_custom/data_ch_1_reg[3]/C
i_system_wrapper/system_i/axi_pwm_custom_xcr/inst/i_if_axi_pwm_custom/data_ch_1_reg[4]/C
i_system_wrapper/system_i/axi_pwm_custom_xcr/inst/i_if_axi_pwm_custom/data_ch_1_reg[5]/C
i_system_wrapper/system_i/axi_pwm_custom_xcr/inst/i_if_axi_pwm_custom/data_ch_1_reg[6]/C
i_system_wrapper/system_i/axi_pwm_custom_xcr/inst/i_if_axi_pwm_custom/data_ch_1_reg[7]/C
i_system_wrapper/system_i/axi_pwm_custom_xcr/inst/i_if_axi_pwm_custom/data_ch_1_reg[8]/C
i_system_wrapper/system_i/axi_pwm_custom_xcr/inst/i_if_axi_pwm_custom/data_ch_1_reg[9]/C
i_system_wrapper/system_i/axi_pwm_custom_xcr/inst/i_if_axi_pwm_custom/data_ch_2_reg[0]/C
i_system_wrapper/system_i/axi_pwm_custom_xcr/inst/i_if_axi_pwm_custom/data_ch_2_reg[10]/C
i_system_wrapper/system_i/axi_pwm_custom_xcr/inst/i_if_axi_pwm_custom/data_ch_2_reg[11]/C
i_system_wrapper/system_i/axi_pwm_custom_xcr/inst/i_if_axi_pwm_custom/data_ch_2_reg[1]/C
i_system_wrapper/system_i/axi_pwm_custom_xcr/inst/i_if_axi_pwm_custom/data_ch_2_reg[2]/C
i_system_wrapper/system_i/axi_pwm_custom_xcr/inst/i_if_axi_pwm_custom/data_ch_2_reg[3]/C
i_system_wrapper/system_i/axi_pwm_custom_xcr/inst/i_if_axi_pwm_custom/data_ch_2_reg[4]/C
i_system_wrapper/system_i/axi_pwm_custom_xcr/inst/i_if_axi_pwm_custom/data_ch_2_reg[5]/C
i_system_wrapper/system_i/axi_pwm_custom_xcr/inst/i_if_axi_pwm_custom/data_ch_2_reg[6]/C
i_system_wrapper/system_i/axi_pwm_custom_xcr/inst/i_if_axi_pwm_custom/data_ch_2_reg[7]/C
i_system_wrapper/system_i/axi_pwm_custom_xcr/inst/i_if_axi_pwm_custom/data_ch_2_reg[8]/C
i_system_wrapper/system_i/axi_pwm_custom_xcr/inst/i_if_axi_pwm_custom/data_ch_2_reg[9]/C
i_system_wrapper/system_i/axi_pwm_custom_xcr/inst/i_if_axi_pwm_custom/data_ch_3_reg[0]/C
i_system_wrapper/system_i/axi_pwm_custom_xcr/inst/i_if_axi_pwm_custom/data_ch_3_reg[10]/C
i_system_wrapper/system_i/axi_pwm_custom_xcr/inst/i_if_axi_pwm_custom/data_ch_3_reg[11]/C
i_system_wrapper/system_i/axi_pwm_custom_xcr/inst/i_if_axi_pwm_custom/data_ch_3_reg[1]/C
i_system_wrapper/system_i/axi_pwm_custom_xcr/inst/i_if_axi_pwm_custom/data_ch_3_reg[2]/C
i_system_wrapper/system_i/axi_pwm_custom_xcr/inst/i_if_axi_pwm_custom/data_ch_3_reg[3]/C
i_system_wrapper/system_i/axi_pwm_custom_xcr/inst/i_if_axi_pwm_custom/data_ch_3_reg[4]/C
i_system_wrapper/system_i/axi_pwm_custom_xcr/inst/i_if_axi_pwm_custom/data_ch_3_reg[5]/C
i_system_wrapper/system_i/axi_pwm_custom_xcr/inst/i_if_axi_pwm_custom/data_ch_3_reg[6]/C
i_system_wrapper/system_i/axi_pwm_custom_xcr/inst/i_if_axi_pwm_custom/data_ch_3_reg[7]/C
i_system_wrapper/system_i/axi_pwm_custom_xcr/inst/i_if_axi_pwm_custom/data_ch_3_reg[8]/C
i_system_wrapper/system_i/axi_pwm_custom_xcr/inst/i_if_axi_pwm_custom/data_ch_3_reg[9]/C
i_system_wrapper/system_i/axi_pwm_custom_xcr/inst/i_if_axi_pwm_custom/data_ch_4_reg[0]/C
i_system_wrapper/system_i/axi_pwm_custom_xcr/inst/i_if_axi_pwm_custom/data_ch_4_reg[10]/C
i_system_wrapper/system_i/axi_pwm_custom_xcr/inst/i_if_axi_pwm_custom/data_ch_4_reg[11]/C
i_system_wrapper/system_i/axi_pwm_custom_xcr/inst/i_if_axi_pwm_custom/data_ch_4_reg[1]/C
i_system_wrapper/system_i/axi_pwm_custom_xcr/inst/i_if_axi_pwm_custom/data_ch_4_reg[2]/C
i_system_wrapper/system_i/axi_pwm_custom_xcr/inst/i_if_axi_pwm_custom/data_ch_4_reg[3]/C
i_system_wrapper/system_i/axi_pwm_custom_xcr/inst/i_if_axi_pwm_custom/data_ch_4_reg[4]/C
i_system_wrapper/system_i/axi_pwm_custom_xcr/inst/i_if_axi_pwm_custom/data_ch_4_reg[5]/C
i_system_wrapper/system_i/axi_pwm_custom_xcr/inst/i_if_axi_pwm_custom/data_ch_4_reg[6]/C
i_system_wrapper/system_i/axi_pwm_custom_xcr/inst/i_if_axi_pwm_custom/data_ch_4_reg[7]/C
i_system_wrapper/system_i/axi_pwm_custom_xcr/inst/i_if_axi_pwm_custom/data_ch_4_reg[8]/C
i_system_wrapper/system_i/axi_pwm_custom_xcr/inst/i_if_axi_pwm_custom/data_ch_4_reg[9]/C
i_system_wrapper/system_i/axi_pwm_custom_xcr/inst/i_if_axi_pwm_custom/data_ch_5_reg[0]/C
i_system_wrapper/system_i/axi_pwm_custom_xcr/inst/i_if_axi_pwm_custom/data_ch_5_reg[10]/C
i_system_wrapper/system_i/axi_pwm_custom_xcr/inst/i_if_axi_pwm_custom/data_ch_5_reg[11]/C
i_system_wrapper/system_i/axi_pwm_custom_xcr/inst/i_if_axi_pwm_custom/data_ch_5_reg[1]/C
i_system_wrapper/system_i/axi_pwm_custom_xcr/inst/i_if_axi_pwm_custom/data_ch_5_reg[2]/C
i_system_wrapper/system_i/axi_pwm_custom_xcr/inst/i_if_axi_pwm_custom/data_ch_5_reg[3]/C
i_system_wrapper/system_i/axi_pwm_custom_xcr/inst/i_if_axi_pwm_custom/data_ch_5_reg[4]/C
i_system_wrapper/system_i/axi_pwm_custom_xcr/inst/i_if_axi_pwm_custom/data_ch_5_reg[5]/C
i_system_wrapper/system_i/axi_pwm_custom_xcr/inst/i_if_axi_pwm_custom/data_ch_5_reg[6]/C
i_system_wrapper/system_i/axi_pwm_custom_xcr/inst/i_if_axi_pwm_custom/data_ch_5_reg[7]/C
i_system_wrapper/system_i/axi_pwm_custom_xcr/inst/i_if_axi_pwm_custom/data_ch_5_reg[8]/C
i_system_wrapper/system_i/axi_pwm_custom_xcr/inst/i_if_axi_pwm_custom/data_ch_5_reg[9]/C

 There are 72 register/latch pins with no clock driven by root clock pin: i_system_wrapper/system_i/axi_pwm_custom_xcr/inst/i_if_axi_pwm_custom/counter_reg[5]/Q (HIGH)

i_system_wrapper/system_i/axi_pwm_custom_xcr/inst/i_if_axi_pwm_custom/data_ch_0_reg[0]/C
i_system_wrapper/system_i/axi_pwm_custom_xcr/inst/i_if_axi_pwm_custom/data_ch_0_reg[10]/C
i_system_wrapper/system_i/axi_pwm_custom_xcr/inst/i_if_axi_pwm_custom/data_ch_0_reg[11]/C
i_system_wrapper/system_i/axi_pwm_custom_xcr/inst/i_if_axi_pwm_custom/data_ch_0_reg[1]/C
i_system_wrapper/system_i/axi_pwm_custom_xcr/inst/i_if_axi_pwm_custom/data_ch_0_reg[2]/C
i_system_wrapper/system_i/axi_pwm_custom_xcr/inst/i_if_axi_pwm_custom/data_ch_0_reg[3]/C
i_system_wrapper/system_i/axi_pwm_custom_xcr/inst/i_if_axi_pwm_custom/data_ch_0_reg[4]/C
i_system_wrapper/system_i/axi_pwm_custom_xcr/inst/i_if_axi_pwm_custom/data_ch_0_reg[5]/C
i_system_wrapper/system_i/axi_pwm_custom_xcr/inst/i_if_axi_pwm_custom/data_ch_0_reg[6]/C
i_system_wrapper/system_i/axi_pwm_custom_xcr/inst/i_if_axi_pwm_custom/data_ch_0_reg[7]/C
i_system_wrapper/system_i/axi_pwm_custom_xcr/inst/i_if_axi_pwm_custom/data_ch_0_reg[8]/C
i_system_wrapper/system_i/axi_pwm_custom_xcr/inst/i_if_axi_pwm_custom/data_ch_0_reg[9]/C
i_system_wrapper/system_i/axi_pwm_custom_xcr/inst/i_if_axi_pwm_custom/data_ch_1_reg[0]/C
i_system_wrapper/system_i/axi_pwm_custom_xcr/inst/i_if_axi_pwm_custom/data_ch_1_reg[10]/C
i_system_wrapper/system_i/axi_pwm_custom_xcr/inst/i_if_axi_pwm_custom/data_ch_1_reg[11]/C
i_system_wrapper/system_i/axi_pwm_custom_xcr/inst/i_if_axi_pwm_custom/data_ch_1_reg[1]/C
i_system_wrapper/system_i/axi_pwm_custom_xcr/inst/i_if_axi_pwm_custom/data_ch_1_reg[2]/C
i_system_wrapper/system_i/axi_pwm_custom_xcr/inst/i_if_axi_pwm_custom/data_ch_1_reg[3]/C
i_system_wrapper/system_i/axi_pwm_custom_xcr/inst/i_if_axi_pwm_custom/data_ch_1_reg[4]/C
i_system_wrapper/system_i/axi_pwm_custom_xcr/inst/i_if_axi_pwm_custom/data_ch_1_reg[5]/C
i_system_wrapper/system_i/axi_pwm_custom_xcr/inst/i_if_axi_pwm_custom/data_ch_1_reg[6]/C
i_system_wrapper/system_i/axi_pwm_custom_xcr/inst/i_if_axi_pwm_custom/data_ch_1_reg[7]/C
i_system_wrapper/system_i/axi_pwm_custom_xcr/inst/i_if_axi_pwm_custom/data_ch_1_reg[8]/C
i_system_wrapper/system_i/axi_pwm_custom_xcr/inst/i_if_axi_pwm_custom/data_ch_1_reg[9]/C
i_system_wrapper/system_i/axi_pwm_custom_xcr/inst/i_if_axi_pwm_custom/data_ch_2_reg[0]/C
i_system_wrapper/system_i/axi_pwm_custom_xcr/inst/i_if_axi_pwm_custom/data_ch_2_reg[10]/C
i_system_wrapper/system_i/axi_pwm_custom_xcr/inst/i_if_axi_pwm_custom/data_ch_2_reg[11]/C
i_system_wrapper/system_i/axi_pwm_custom_xcr/inst/i_if_axi_pwm_custom/data_ch_2_reg[1]/C
i_system_wrapper/system_i/axi_pwm_custom_xcr/inst/i_if_axi_pwm_custom/data_ch_2_reg[2]/C
i_system_wrapper/system_i/axi_pwm_custom_xcr/inst/i_if_axi_pwm_custom/data_ch_2_reg[3]/C
i_system_wrapper/system_i/axi_pwm_custom_xcr/inst/i_if_axi_pwm_custom/data_ch_2_reg[4]/C
i_system_wrapper/system_i/axi_pwm_custom_xcr/inst/i_if_axi_pwm_custom/data_ch_2_reg[5]/C
i_system_wrapper/system_i/axi_pwm_custom_xcr/inst/i_if_axi_pwm_custom/data_ch_2_reg[6]/C
i_system_wrapper/system_i/axi_pwm_custom_xcr/inst/i_if_axi_pwm_custom/data_ch_2_reg[7]/C
i_system_wrapper/system_i/axi_pwm_custom_xcr/inst/i_if_axi_pwm_custom/data_ch_2_reg[8]/C
i_system_wrapper/system_i/axi_pwm_custom_xcr/inst/i_if_axi_pwm_custom/data_ch_2_reg[9]/C
i_system_wrapper/system_i/axi_pwm_custom_xcr/inst/i_if_axi_pwm_custom/data_ch_3_reg[0]/C
i_system_wrapper/system_i/axi_pwm_custom_xcr/inst/i_if_axi_pwm_custom/data_ch_3_reg[10]/C
i_system_wrapper/system_i/axi_pwm_custom_xcr/inst/i_if_axi_pwm_custom/data_ch_3_reg[11]/C
i_system_wrapper/system_i/axi_pwm_custom_xcr/inst/i_if_axi_pwm_custom/data_ch_3_reg[1]/C
i_system_wrapper/system_i/axi_pwm_custom_xcr/inst/i_if_axi_pwm_custom/data_ch_3_reg[2]/C
i_system_wrapper/system_i/axi_pwm_custom_xcr/inst/i_if_axi_pwm_custom/data_ch_3_reg[3]/C
i_system_wrapper/system_i/axi_pwm_custom_xcr/inst/i_if_axi_pwm_custom/data_ch_3_reg[4]/C
i_system_wrapper/system_i/axi_pwm_custom_xcr/inst/i_if_axi_pwm_custom/data_ch_3_reg[5]/C
i_system_wrapper/system_i/axi_pwm_custom_xcr/inst/i_if_axi_pwm_custom/data_ch_3_reg[6]/C
i_system_wrapper/system_i/axi_pwm_custom_xcr/inst/i_if_axi_pwm_custom/data_ch_3_reg[7]/C
i_system_wrapper/system_i/axi_pwm_custom_xcr/inst/i_if_axi_pwm_custom/data_ch_3_reg[8]/C
i_system_wrapper/system_i/axi_pwm_custom_xcr/inst/i_if_axi_pwm_custom/data_ch_3_reg[9]/C
i_system_wrapper/system_i/axi_pwm_custom_xcr/inst/i_if_axi_pwm_custom/data_ch_4_reg[0]/C
i_system_wrapper/system_i/axi_pwm_custom_xcr/inst/i_if_axi_pwm_custom/data_ch_4_reg[10]/C
i_system_wrapper/system_i/axi_pwm_custom_xcr/inst/i_if_axi_pwm_custom/data_ch_4_reg[11]/C
i_system_wrapper/system_i/axi_pwm_custom_xcr/inst/i_if_axi_pwm_custom/data_ch_4_reg[1]/C
i_system_wrapper/system_i/axi_pwm_custom_xcr/inst/i_if_axi_pwm_custom/data_ch_4_reg[2]/C
i_system_wrapper/system_i/axi_pwm_custom_xcr/inst/i_if_axi_pwm_custom/data_ch_4_reg[3]/C
i_system_wrapper/system_i/axi_pwm_custom_xcr/inst/i_if_axi_pwm_custom/data_ch_4_reg[4]/C
i_system_wrapper/system_i/axi_pwm_custom_xcr/inst/i_if_axi_pwm_custom/data_ch_4_reg[5]/C
i_system_wrapper/system_i/axi_pwm_custom_xcr/inst/i_if_axi_pwm_custom/data_ch_4_reg[6]/C
i_system_wrapper/system_i/axi_pwm_custom_xcr/inst/i_if_axi_pwm_custom/data_ch_4_reg[7]/C
i_system_wrapper/system_i/axi_pwm_custom_xcr/inst/i_if_axi_pwm_custom/data_ch_4_reg[8]/C
i_system_wrapper/system_i/axi_pwm_custom_xcr/inst/i_if_axi_pwm_custom/data_ch_4_reg[9]/C
i_system_wrapper/system_i/axi_pwm_custom_xcr/inst/i_if_axi_pwm_custom/data_ch_5_reg[0]/C
i_system_wrapper/system_i/axi_pwm_custom_xcr/inst/i_if_axi_pwm_custom/data_ch_5_reg[10]/C
i_system_wrapper/system_i/axi_pwm_custom_xcr/inst/i_if_axi_pwm_custom/data_ch_5_reg[11]/C
i_system_wrapper/system_i/axi_pwm_custom_xcr/inst/i_if_axi_pwm_custom/data_ch_5_reg[1]/C
i_system_wrapper/system_i/axi_pwm_custom_xcr/inst/i_if_axi_pwm_custom/data_ch_5_reg[2]/C
i_system_wrapper/system_i/axi_pwm_custom_xcr/inst/i_if_axi_pwm_custom/data_ch_5_reg[3]/C
i_system_wrapper/system_i/axi_pwm_custom_xcr/inst/i_if_axi_pwm_custom/data_ch_5_reg[4]/C
i_system_wrapper/system_i/axi_pwm_custom_xcr/inst/i_if_axi_pwm_custom/data_ch_5_reg[5]/C
i_system_wrapper/system_i/axi_pwm_custom_xcr/inst/i_if_axi_pwm_custom/data_ch_5_reg[6]/C
i_system_wrapper/system_i/axi_pwm_custom_xcr/inst/i_if_axi_pwm_custom/data_ch_5_reg[7]/C
i_system_wrapper/system_i/axi_pwm_custom_xcr/inst/i_if_axi_pwm_custom/data_ch_5_reg[8]/C
i_system_wrapper/system_i/axi_pwm_custom_xcr/inst/i_if_axi_pwm_custom/data_ch_5_reg[9]/C

 There are 72 register/latch pins with no clock driven by root clock pin: i_system_wrapper/system_i/axi_pwm_custom_xcr/inst/i_if_axi_pwm_custom/counter_reg[6]/Q (HIGH)

i_system_wrapper/system_i/axi_pwm_custom_xcr/inst/i_if_axi_pwm_custom/data_ch_0_reg[0]/C
i_system_wrapper/system_i/axi_pwm_custom_xcr/inst/i_if_axi_pwm_custom/data_ch_0_reg[10]/C
i_system_wrapper/system_i/axi_pwm_custom_xcr/inst/i_if_axi_pwm_custom/data_ch_0_reg[11]/C
i_system_wrapper/system_i/axi_pwm_custom_xcr/inst/i_if_axi_pwm_custom/data_ch_0_reg[1]/C
i_system_wrapper/system_i/axi_pwm_custom_xcr/inst/i_if_axi_pwm_custom/data_ch_0_reg[2]/C
i_system_wrapper/system_i/axi_pwm_custom_xcr/inst/i_if_axi_pwm_custom/data_ch_0_reg[3]/C
i_system_wrapper/system_i/axi_pwm_custom_xcr/inst/i_if_axi_pwm_custom/data_ch_0_reg[4]/C
i_system_wrapper/system_i/axi_pwm_custom_xcr/inst/i_if_axi_pwm_custom/data_ch_0_reg[5]/C
i_system_wrapper/system_i/axi_pwm_custom_xcr/inst/i_if_axi_pwm_custom/data_ch_0_reg[6]/C
i_system_wrapper/system_i/axi_pwm_custom_xcr/inst/i_if_axi_pwm_custom/data_ch_0_reg[7]/C
i_system_wrapper/system_i/axi_pwm_custom_xcr/inst/i_if_axi_pwm_custom/data_ch_0_reg[8]/C
i_system_wrapper/system_i/axi_pwm_custom_xcr/inst/i_if_axi_pwm_custom/data_ch_0_reg[9]/C
i_system_wrapper/system_i/axi_pwm_custom_xcr/inst/i_if_axi_pwm_custom/data_ch_1_reg[0]/C
i_system_wrapper/system_i/axi_pwm_custom_xcr/inst/i_if_axi_pwm_custom/data_ch_1_reg[10]/C
i_system_wrapper/system_i/axi_pwm_custom_xcr/inst/i_if_axi_pwm_custom/data_ch_1_reg[11]/C
i_system_wrapper/system_i/axi_pwm_custom_xcr/inst/i_if_axi_pwm_custom/data_ch_1_reg[1]/C
i_system_wrapper/system_i/axi_pwm_custom_xcr/inst/i_if_axi_pwm_custom/data_ch_1_reg[2]/C
i_system_wrapper/system_i/axi_pwm_custom_xcr/inst/i_if_axi_pwm_custom/data_ch_1_reg[3]/C
i_system_wrapper/system_i/axi_pwm_custom_xcr/inst/i_if_axi_pwm_custom/data_ch_1_reg[4]/C
i_system_wrapper/system_i/axi_pwm_custom_xcr/inst/i_if_axi_pwm_custom/data_ch_1_reg[5]/C
i_system_wrapper/system_i/axi_pwm_custom_xcr/inst/i_if_axi_pwm_custom/data_ch_1_reg[6]/C
i_system_wrapper/system_i/axi_pwm_custom_xcr/inst/i_if_axi_pwm_custom/data_ch_1_reg[7]/C
i_system_wrapper/system_i/axi_pwm_custom_xcr/inst/i_if_axi_pwm_custom/data_ch_1_reg[8]/C
i_system_wrapper/system_i/axi_pwm_custom_xcr/inst/i_if_axi_pwm_custom/data_ch_1_reg[9]/C
i_system_wrapper/system_i/axi_pwm_custom_xcr/inst/i_if_axi_pwm_custom/data_ch_2_reg[0]/C
i_system_wrapper/system_i/axi_pwm_custom_xcr/inst/i_if_axi_pwm_custom/data_ch_2_reg[10]/C
i_system_wrapper/system_i/axi_pwm_custom_xcr/inst/i_if_axi_pwm_custom/data_ch_2_reg[11]/C
i_system_wrapper/system_i/axi_pwm_custom_xcr/inst/i_if_axi_pwm_custom/data_ch_2_reg[1]/C
i_system_wrapper/system_i/axi_pwm_custom_xcr/inst/i_if_axi_pwm_custom/data_ch_2_reg[2]/C
i_system_wrapper/system_i/axi_pwm_custom_xcr/inst/i_if_axi_pwm_custom/data_ch_2_reg[3]/C
i_system_wrapper/system_i/axi_pwm_custom_xcr/inst/i_if_axi_pwm_custom/data_ch_2_reg[4]/C
i_system_wrapper/system_i/axi_pwm_custom_xcr/inst/i_if_axi_pwm_custom/data_ch_2_reg[5]/C
i_system_wrapper/system_i/axi_pwm_custom_xcr/inst/i_if_axi_pwm_custom/data_ch_2_reg[6]/C
i_system_wrapper/system_i/axi_pwm_custom_xcr/inst/i_if_axi_pwm_custom/data_ch_2_reg[7]/C
i_system_wrapper/system_i/axi_pwm_custom_xcr/inst/i_if_axi_pwm_custom/data_ch_2_reg[8]/C
i_system_wrapper/system_i/axi_pwm_custom_xcr/inst/i_if_axi_pwm_custom/data_ch_2_reg[9]/C
i_system_wrapper/system_i/axi_pwm_custom_xcr/inst/i_if_axi_pwm_custom/data_ch_3_reg[0]/C
i_system_wrapper/system_i/axi_pwm_custom_xcr/inst/i_if_axi_pwm_custom/data_ch_3_reg[10]/C
i_system_wrapper/system_i/axi_pwm_custom_xcr/inst/i_if_axi_pwm_custom/data_ch_3_reg[11]/C
i_system_wrapper/system_i/axi_pwm_custom_xcr/inst/i_if_axi_pwm_custom/data_ch_3_reg[1]/C
i_system_wrapper/system_i/axi_pwm_custom_xcr/inst/i_if_axi_pwm_custom/data_ch_3_reg[2]/C
i_system_wrapper/system_i/axi_pwm_custom_xcr/inst/i_if_axi_pwm_custom/data_ch_3_reg[3]/C
i_system_wrapper/system_i/axi_pwm_custom_xcr/inst/i_if_axi_pwm_custom/data_ch_3_reg[4]/C
i_system_wrapper/system_i/axi_pwm_custom_xcr/inst/i_if_axi_pwm_custom/data_ch_3_reg[5]/C
i_system_wrapper/system_i/axi_pwm_custom_xcr/inst/i_if_axi_pwm_custom/data_ch_3_reg[6]/C
i_system_wrapper/system_i/axi_pwm_custom_xcr/inst/i_if_axi_pwm_custom/data_ch_3_reg[7]/C
i_system_wrapper/system_i/axi_pwm_custom_xcr/inst/i_if_axi_pwm_custom/data_ch_3_reg[8]/C
i_system_wrapper/system_i/axi_pwm_custom_xcr/inst/i_if_axi_pwm_custom/data_ch_3_reg[9]/C
i_system_wrapper/system_i/axi_pwm_custom_xcr/inst/i_if_axi_pwm_custom/data_ch_4_reg[0]/C
i_system_wrapper/system_i/axi_pwm_custom_xcr/inst/i_if_axi_pwm_custom/data_ch_4_reg[10]/C
i_system_wrapper/system_i/axi_pwm_custom_xcr/inst/i_if_axi_pwm_custom/data_ch_4_reg[11]/C
i_system_wrapper/system_i/axi_pwm_custom_xcr/inst/i_if_axi_pwm_custom/data_ch_4_reg[1]/C
i_system_wrapper/system_i/axi_pwm_custom_xcr/inst/i_if_axi_pwm_custom/data_ch_4_reg[2]/C
i_system_wrapper/system_i/axi_pwm_custom_xcr/inst/i_if_axi_pwm_custom/data_ch_4_reg[3]/C
i_system_wrapper/system_i/axi_pwm_custom_xcr/inst/i_if_axi_pwm_custom/data_ch_4_reg[4]/C
i_system_wrapper/system_i/axi_pwm_custom_xcr/inst/i_if_axi_pwm_custom/data_ch_4_reg[5]/C
i_system_wrapper/system_i/axi_pwm_custom_xcr/inst/i_if_axi_pwm_custom/data_ch_4_reg[6]/C
i_system_wrapper/system_i/axi_pwm_custom_xcr/inst/i_if_axi_pwm_custom/data_ch_4_reg[7]/C
i_system_wrapper/system_i/axi_pwm_custom_xcr/inst/i_if_axi_pwm_custom/data_ch_4_reg[8]/C
i_system_wrapper/system_i/axi_pwm_custom_xcr/inst/i_if_axi_pwm_custom/data_ch_4_reg[9]/C
i_system_wrapper/system_i/axi_pwm_custom_xcr/inst/i_if_axi_pwm_custom/data_ch_5_reg[0]/C
i_system_wrapper/system_i/axi_pwm_custom_xcr/inst/i_if_axi_pwm_custom/data_ch_5_reg[10]/C
i_system_wrapper/system_i/axi_pwm_custom_xcr/inst/i_if_axi_pwm_custom/data_ch_5_reg[11]/C
i_system_wrapper/system_i/axi_pwm_custom_xcr/inst/i_if_axi_pwm_custom/data_ch_5_reg[1]/C
i_system_wrapper/system_i/axi_pwm_custom_xcr/inst/i_if_axi_pwm_custom/data_ch_5_reg[2]/C
i_system_wrapper/system_i/axi_pwm_custom_xcr/inst/i_if_axi_pwm_custom/data_ch_5_reg[3]/C
i_system_wrapper/system_i/axi_pwm_custom_xcr/inst/i_if_axi_pwm_custom/data_ch_5_reg[4]/C
i_system_wrapper/system_i/axi_pwm_custom_xcr/inst/i_if_axi_pwm_custom/data_ch_5_reg[5]/C
i_system_wrapper/system_i/axi_pwm_custom_xcr/inst/i_if_axi_pwm_custom/data_ch_5_reg[6]/C
i_system_wrapper/system_i/axi_pwm_custom_xcr/inst/i_if_axi_pwm_custom/data_ch_5_reg[7]/C
i_system_wrapper/system_i/axi_pwm_custom_xcr/inst/i_if_axi_pwm_custom/data_ch_5_reg[8]/C
i_system_wrapper/system_i/axi_pwm_custom_xcr/inst/i_if_axi_pwm_custom/data_ch_5_reg[9]/C

 There are 72 register/latch pins with no clock driven by root clock pin: i_system_wrapper/system_i/axi_pwm_custom_xcr/inst/i_if_axi_pwm_custom/counter_reg[7]/Q (HIGH)

i_system_wrapper/system_i/axi_pwm_custom_xcr/inst/i_if_axi_pwm_custom/data_ch_0_reg[0]/C
i_system_wrapper/system_i/axi_pwm_custom_xcr/inst/i_if_axi_pwm_custom/data_ch_0_reg[10]/C
i_system_wrapper/system_i/axi_pwm_custom_xcr/inst/i_if_axi_pwm_custom/data_ch_0_reg[11]/C
i_system_wrapper/system_i/axi_pwm_custom_xcr/inst/i_if_axi_pwm_custom/data_ch_0_reg[1]/C
i_system_wrapper/system_i/axi_pwm_custom_xcr/inst/i_if_axi_pwm_custom/data_ch_0_reg[2]/C
i_system_wrapper/system_i/axi_pwm_custom_xcr/inst/i_if_axi_pwm_custom/data_ch_0_reg[3]/C
i_system_wrapper/system_i/axi_pwm_custom_xcr/inst/i_if_axi_pwm_custom/data_ch_0_reg[4]/C
i_system_wrapper/system_i/axi_pwm_custom_xcr/inst/i_if_axi_pwm_custom/data_ch_0_reg[5]/C
i_system_wrapper/system_i/axi_pwm_custom_xcr/inst/i_if_axi_pwm_custom/data_ch_0_reg[6]/C
i_system_wrapper/system_i/axi_pwm_custom_xcr/inst/i_if_axi_pwm_custom/data_ch_0_reg[7]/C
i_system_wrapper/system_i/axi_pwm_custom_xcr/inst/i_if_axi_pwm_custom/data_ch_0_reg[8]/C
i_system_wrapper/system_i/axi_pwm_custom_xcr/inst/i_if_axi_pwm_custom/data_ch_0_reg[9]/C
i_system_wrapper/system_i/axi_pwm_custom_xcr/inst/i_if_axi_pwm_custom/data_ch_1_reg[0]/C
i_system_wrapper/system_i/axi_pwm_custom_xcr/inst/i_if_axi_pwm_custom/data_ch_1_reg[10]/C
i_system_wrapper/system_i/axi_pwm_custom_xcr/inst/i_if_axi_pwm_custom/data_ch_1_reg[11]/C
i_system_wrapper/system_i/axi_pwm_custom_xcr/inst/i_if_axi_pwm_custom/data_ch_1_reg[1]/C
i_system_wrapper/system_i/axi_pwm_custom_xcr/inst/i_if_axi_pwm_custom/data_ch_1_reg[2]/C
i_system_wrapper/system_i/axi_pwm_custom_xcr/inst/i_if_axi_pwm_custom/data_ch_1_reg[3]/C
i_system_wrapper/system_i/axi_pwm_custom_xcr/inst/i_if_axi_pwm_custom/data_ch_1_reg[4]/C
i_system_wrapper/system_i/axi_pwm_custom_xcr/inst/i_if_axi_pwm_custom/data_ch_1_reg[5]/C
i_system_wrapper/system_i/axi_pwm_custom_xcr/inst/i_if_axi_pwm_custom/data_ch_1_reg[6]/C
i_system_wrapper/system_i/axi_pwm_custom_xcr/inst/i_if_axi_pwm_custom/data_ch_1_reg[7]/C
i_system_wrapper/system_i/axi_pwm_custom_xcr/inst/i_if_axi_pwm_custom/data_ch_1_reg[8]/C
i_system_wrapper/system_i/axi_pwm_custom_xcr/inst/i_if_axi_pwm_custom/data_ch_1_reg[9]/C
i_system_wrapper/system_i/axi_pwm_custom_xcr/inst/i_if_axi_pwm_custom/data_ch_2_reg[0]/C
i_system_wrapper/system_i/axi_pwm_custom_xcr/inst/i_if_axi_pwm_custom/data_ch_2_reg[10]/C
i_system_wrapper/system_i/axi_pwm_custom_xcr/inst/i_if_axi_pwm_custom/data_ch_2_reg[11]/C
i_system_wrapper/system_i/axi_pwm_custom_xcr/inst/i_if_axi_pwm_custom/data_ch_2_reg[1]/C
i_system_wrapper/system_i/axi_pwm_custom_xcr/inst/i_if_axi_pwm_custom/data_ch_2_reg[2]/C
i_system_wrapper/system_i/axi_pwm_custom_xcr/inst/i_if_axi_pwm_custom/data_ch_2_reg[3]/C
i_system_wrapper/system_i/axi_pwm_custom_xcr/inst/i_if_axi_pwm_custom/data_ch_2_reg[4]/C
i_system_wrapper/system_i/axi_pwm_custom_xcr/inst/i_if_axi_pwm_custom/data_ch_2_reg[5]/C
i_system_wrapper/system_i/axi_pwm_custom_xcr/inst/i_if_axi_pwm_custom/data_ch_2_reg[6]/C
i_system_wrapper/system_i/axi_pwm_custom_xcr/inst/i_if_axi_pwm_custom/data_ch_2_reg[7]/C
i_system_wrapper/system_i/axi_pwm_custom_xcr/inst/i_if_axi_pwm_custom/data_ch_2_reg[8]/C
i_system_wrapper/system_i/axi_pwm_custom_xcr/inst/i_if_axi_pwm_custom/data_ch_2_reg[9]/C
i_system_wrapper/system_i/axi_pwm_custom_xcr/inst/i_if_axi_pwm_custom/data_ch_3_reg[0]/C
i_system_wrapper/system_i/axi_pwm_custom_xcr/inst/i_if_axi_pwm_custom/data_ch_3_reg[10]/C
i_system_wrapper/system_i/axi_pwm_custom_xcr/inst/i_if_axi_pwm_custom/data_ch_3_reg[11]/C
i_system_wrapper/system_i/axi_pwm_custom_xcr/inst/i_if_axi_pwm_custom/data_ch_3_reg[1]/C
i_system_wrapper/system_i/axi_pwm_custom_xcr/inst/i_if_axi_pwm_custom/data_ch_3_reg[2]/C
i_system_wrapper/system_i/axi_pwm_custom_xcr/inst/i_if_axi_pwm_custom/data_ch_3_reg[3]/C
i_system_wrapper/system_i/axi_pwm_custom_xcr/inst/i_if_axi_pwm_custom/data_ch_3_reg[4]/C
i_system_wrapper/system_i/axi_pwm_custom_xcr/inst/i_if_axi_pwm_custom/data_ch_3_reg[5]/C
i_system_wrapper/system_i/axi_pwm_custom_xcr/inst/i_if_axi_pwm_custom/data_ch_3_reg[6]/C
i_system_wrapper/system_i/axi_pwm_custom_xcr/inst/i_if_axi_pwm_custom/data_ch_3_reg[7]/C
i_system_wrapper/system_i/axi_pwm_custom_xcr/inst/i_if_axi_pwm_custom/data_ch_3_reg[8]/C
i_system_wrapper/system_i/axi_pwm_custom_xcr/inst/i_if_axi_pwm_custom/data_ch_3_reg[9]/C
i_system_wrapper/system_i/axi_pwm_custom_xcr/inst/i_if_axi_pwm_custom/data_ch_4_reg[0]/C
i_system_wrapper/system_i/axi_pwm_custom_xcr/inst/i_if_axi_pwm_custom/data_ch_4_reg[10]/C
i_system_wrapper/system_i/axi_pwm_custom_xcr/inst/i_if_axi_pwm_custom/data_ch_4_reg[11]/C
i_system_wrapper/system_i/axi_pwm_custom_xcr/inst/i_if_axi_pwm_custom/data_ch_4_reg[1]/C
i_system_wrapper/system_i/axi_pwm_custom_xcr/inst/i_if_axi_pwm_custom/data_ch_4_reg[2]/C
i_system_wrapper/system_i/axi_pwm_custom_xcr/inst/i_if_axi_pwm_custom/data_ch_4_reg[3]/C
i_system_wrapper/system_i/axi_pwm_custom_xcr/inst/i_if_axi_pwm_custom/data_ch_4_reg[4]/C
i_system_wrapper/system_i/axi_pwm_custom_xcr/inst/i_if_axi_pwm_custom/data_ch_4_reg[5]/C
i_system_wrapper/system_i/axi_pwm_custom_xcr/inst/i_if_axi_pwm_custom/data_ch_4_reg[6]/C
i_system_wrapper/system_i/axi_pwm_custom_xcr/inst/i_if_axi_pwm_custom/data_ch_4_reg[7]/C
i_system_wrapper/system_i/axi_pwm_custom_xcr/inst/i_if_axi_pwm_custom/data_ch_4_reg[8]/C
i_system_wrapper/system_i/axi_pwm_custom_xcr/inst/i_if_axi_pwm_custom/data_ch_4_reg[9]/C
i_system_wrapper/system_i/axi_pwm_custom_xcr/inst/i_if_axi_pwm_custom/data_ch_5_reg[0]/C
i_system_wrapper/system_i/axi_pwm_custom_xcr/inst/i_if_axi_pwm_custom/data_ch_5_reg[10]/C
i_system_wrapper/system_i/axi_pwm_custom_xcr/inst/i_if_axi_pwm_custom/data_ch_5_reg[11]/C
i_system_wrapper/system_i/axi_pwm_custom_xcr/inst/i_if_axi_pwm_custom/data_ch_5_reg[1]/C
i_system_wrapper/system_i/axi_pwm_custom_xcr/inst/i_if_axi_pwm_custom/data_ch_5_reg[2]/C
i_system_wrapper/system_i/axi_pwm_custom_xcr/inst/i_if_axi_pwm_custom/data_ch_5_reg[3]/C
i_system_wrapper/system_i/axi_pwm_custom_xcr/inst/i_if_axi_pwm_custom/data_ch_5_reg[4]/C
i_system_wrapper/system_i/axi_pwm_custom_xcr/inst/i_if_axi_pwm_custom/data_ch_5_reg[5]/C
i_system_wrapper/system_i/axi_pwm_custom_xcr/inst/i_if_axi_pwm_custom/data_ch_5_reg[6]/C
i_system_wrapper/system_i/axi_pwm_custom_xcr/inst/i_if_axi_pwm_custom/data_ch_5_reg[7]/C
i_system_wrapper/system_i/axi_pwm_custom_xcr/inst/i_if_axi_pwm_custom/data_ch_5_reg[8]/C
i_system_wrapper/system_i/axi_pwm_custom_xcr/inst/i_if_axi_pwm_custom/data_ch_5_reg[9]/C

 There are 72 register/latch pins with no clock driven by root clock pin: i_system_wrapper/system_i/axi_pwm_custom_xcr/inst/i_if_axi_pwm_custom/counter_reg[8]/Q (HIGH)

i_system_wrapper/system_i/axi_pwm_custom_xcr/inst/i_if_axi_pwm_custom/data_ch_0_reg[0]/C
i_system_wrapper/system_i/axi_pwm_custom_xcr/inst/i_if_axi_pwm_custom/data_ch_0_reg[10]/C
i_system_wrapper/system_i/axi_pwm_custom_xcr/inst/i_if_axi_pwm_custom/data_ch_0_reg[11]/C
i_system_wrapper/system_i/axi_pwm_custom_xcr/inst/i_if_axi_pwm_custom/data_ch_0_reg[1]/C
i_system_wrapper/system_i/axi_pwm_custom_xcr/inst/i_if_axi_pwm_custom/data_ch_0_reg[2]/C
i_system_wrapper/system_i/axi_pwm_custom_xcr/inst/i_if_axi_pwm_custom/data_ch_0_reg[3]/C
i_system_wrapper/system_i/axi_pwm_custom_xcr/inst/i_if_axi_pwm_custom/data_ch_0_reg[4]/C
i_system_wrapper/system_i/axi_pwm_custom_xcr/inst/i_if_axi_pwm_custom/data_ch_0_reg[5]/C
i_system_wrapper/system_i/axi_pwm_custom_xcr/inst/i_if_axi_pwm_custom/data_ch_0_reg[6]/C
i_system_wrapper/system_i/axi_pwm_custom_xcr/inst/i_if_axi_pwm_custom/data_ch_0_reg[7]/C
i_system_wrapper/system_i/axi_pwm_custom_xcr/inst/i_if_axi_pwm_custom/data_ch_0_reg[8]/C
i_system_wrapper/system_i/axi_pwm_custom_xcr/inst/i_if_axi_pwm_custom/data_ch_0_reg[9]/C
i_system_wrapper/system_i/axi_pwm_custom_xcr/inst/i_if_axi_pwm_custom/data_ch_1_reg[0]/C
i_system_wrapper/system_i/axi_pwm_custom_xcr/inst/i_if_axi_pwm_custom/data_ch_1_reg[10]/C
i_system_wrapper/system_i/axi_pwm_custom_xcr/inst/i_if_axi_pwm_custom/data_ch_1_reg[11]/C
i_system_wrapper/system_i/axi_pwm_custom_xcr/inst/i_if_axi_pwm_custom/data_ch_1_reg[1]/C
i_system_wrapper/system_i/axi_pwm_custom_xcr/inst/i_if_axi_pwm_custom/data_ch_1_reg[2]/C
i_system_wrapper/system_i/axi_pwm_custom_xcr/inst/i_if_axi_pwm_custom/data_ch_1_reg[3]/C
i_system_wrapper/system_i/axi_pwm_custom_xcr/inst/i_if_axi_pwm_custom/data_ch_1_reg[4]/C
i_system_wrapper/system_i/axi_pwm_custom_xcr/inst/i_if_axi_pwm_custom/data_ch_1_reg[5]/C
i_system_wrapper/system_i/axi_pwm_custom_xcr/inst/i_if_axi_pwm_custom/data_ch_1_reg[6]/C
i_system_wrapper/system_i/axi_pwm_custom_xcr/inst/i_if_axi_pwm_custom/data_ch_1_reg[7]/C
i_system_wrapper/system_i/axi_pwm_custom_xcr/inst/i_if_axi_pwm_custom/data_ch_1_reg[8]/C
i_system_wrapper/system_i/axi_pwm_custom_xcr/inst/i_if_axi_pwm_custom/data_ch_1_reg[9]/C
i_system_wrapper/system_i/axi_pwm_custom_xcr/inst/i_if_axi_pwm_custom/data_ch_2_reg[0]/C
i_system_wrapper/system_i/axi_pwm_custom_xcr/inst/i_if_axi_pwm_custom/data_ch_2_reg[10]/C
i_system_wrapper/system_i/axi_pwm_custom_xcr/inst/i_if_axi_pwm_custom/data_ch_2_reg[11]/C
i_system_wrapper/system_i/axi_pwm_custom_xcr/inst/i_if_axi_pwm_custom/data_ch_2_reg[1]/C
i_system_wrapper/system_i/axi_pwm_custom_xcr/inst/i_if_axi_pwm_custom/data_ch_2_reg[2]/C
i_system_wrapper/system_i/axi_pwm_custom_xcr/inst/i_if_axi_pwm_custom/data_ch_2_reg[3]/C
i_system_wrapper/system_i/axi_pwm_custom_xcr/inst/i_if_axi_pwm_custom/data_ch_2_reg[4]/C
i_system_wrapper/system_i/axi_pwm_custom_xcr/inst/i_if_axi_pwm_custom/data_ch_2_reg[5]/C
i_system_wrapper/system_i/axi_pwm_custom_xcr/inst/i_if_axi_pwm_custom/data_ch_2_reg[6]/C
i_system_wrapper/system_i/axi_pwm_custom_xcr/inst/i_if_axi_pwm_custom/data_ch_2_reg[7]/C
i_system_wrapper/system_i/axi_pwm_custom_xcr/inst/i_if_axi_pwm_custom/data_ch_2_reg[8]/C
i_system_wrapper/system_i/axi_pwm_custom_xcr/inst/i_if_axi_pwm_custom/data_ch_2_reg[9]/C
i_system_wrapper/system_i/axi_pwm_custom_xcr/inst/i_if_axi_pwm_custom/data_ch_3_reg[0]/C
i_system_wrapper/system_i/axi_pwm_custom_xcr/inst/i_if_axi_pwm_custom/data_ch_3_reg[10]/C
i_system_wrapper/system_i/axi_pwm_custom_xcr/inst/i_if_axi_pwm_custom/data_ch_3_reg[11]/C
i_system_wrapper/system_i/axi_pwm_custom_xcr/inst/i_if_axi_pwm_custom/data_ch_3_reg[1]/C
i_system_wrapper/system_i/axi_pwm_custom_xcr/inst/i_if_axi_pwm_custom/data_ch_3_reg[2]/C
i_system_wrapper/system_i/axi_pwm_custom_xcr/inst/i_if_axi_pwm_custom/data_ch_3_reg[3]/C
i_system_wrapper/system_i/axi_pwm_custom_xcr/inst/i_if_axi_pwm_custom/data_ch_3_reg[4]/C
i_system_wrapper/system_i/axi_pwm_custom_xcr/inst/i_if_axi_pwm_custom/data_ch_3_reg[5]/C
i_system_wrapper/system_i/axi_pwm_custom_xcr/inst/i_if_axi_pwm_custom/data_ch_3_reg[6]/C
i_system_wrapper/system_i/axi_pwm_custom_xcr/inst/i_if_axi_pwm_custom/data_ch_3_reg[7]/C
i_system_wrapper/system_i/axi_pwm_custom_xcr/inst/i_if_axi_pwm_custom/data_ch_3_reg[8]/C
i_system_wrapper/system_i/axi_pwm_custom_xcr/inst/i_if_axi_pwm_custom/data_ch_3_reg[9]/C
i_system_wrapper/system_i/axi_pwm_custom_xcr/inst/i_if_axi_pwm_custom/data_ch_4_reg[0]/C
i_system_wrapper/system_i/axi_pwm_custom_xcr/inst/i_if_axi_pwm_custom/data_ch_4_reg[10]/C
i_system_wrapper/system_i/axi_pwm_custom_xcr/inst/i_if_axi_pwm_custom/data_ch_4_reg[11]/C
i_system_wrapper/system_i/axi_pwm_custom_xcr/inst/i_if_axi_pwm_custom/data_ch_4_reg[1]/C
i_system_wrapper/system_i/axi_pwm_custom_xcr/inst/i_if_axi_pwm_custom/data_ch_4_reg[2]/C
i_system_wrapper/system_i/axi_pwm_custom_xcr/inst/i_if_axi_pwm_custom/data_ch_4_reg[3]/C
i_system_wrapper/system_i/axi_pwm_custom_xcr/inst/i_if_axi_pwm_custom/data_ch_4_reg[4]/C
i_system_wrapper/system_i/axi_pwm_custom_xcr/inst/i_if_axi_pwm_custom/data_ch_4_reg[5]/C
i_system_wrapper/system_i/axi_pwm_custom_xcr/inst/i_if_axi_pwm_custom/data_ch_4_reg[6]/C
i_system_wrapper/system_i/axi_pwm_custom_xcr/inst/i_if_axi_pwm_custom/data_ch_4_reg[7]/C
i_system_wrapper/system_i/axi_pwm_custom_xcr/inst/i_if_axi_pwm_custom/data_ch_4_reg[8]/C
i_system_wrapper/system_i/axi_pwm_custom_xcr/inst/i_if_axi_pwm_custom/data_ch_4_reg[9]/C
i_system_wrapper/system_i/axi_pwm_custom_xcr/inst/i_if_axi_pwm_custom/data_ch_5_reg[0]/C
i_system_wrapper/system_i/axi_pwm_custom_xcr/inst/i_if_axi_pwm_custom/data_ch_5_reg[10]/C
i_system_wrapper/system_i/axi_pwm_custom_xcr/inst/i_if_axi_pwm_custom/data_ch_5_reg[11]/C
i_system_wrapper/system_i/axi_pwm_custom_xcr/inst/i_if_axi_pwm_custom/data_ch_5_reg[1]/C
i_system_wrapper/system_i/axi_pwm_custom_xcr/inst/i_if_axi_pwm_custom/data_ch_5_reg[2]/C
i_system_wrapper/system_i/axi_pwm_custom_xcr/inst/i_if_axi_pwm_custom/data_ch_5_reg[3]/C
i_system_wrapper/system_i/axi_pwm_custom_xcr/inst/i_if_axi_pwm_custom/data_ch_5_reg[4]/C
i_system_wrapper/system_i/axi_pwm_custom_xcr/inst/i_if_axi_pwm_custom/data_ch_5_reg[5]/C
i_system_wrapper/system_i/axi_pwm_custom_xcr/inst/i_if_axi_pwm_custom/data_ch_5_reg[6]/C
i_system_wrapper/system_i/axi_pwm_custom_xcr/inst/i_if_axi_pwm_custom/data_ch_5_reg[7]/C
i_system_wrapper/system_i/axi_pwm_custom_xcr/inst/i_if_axi_pwm_custom/data_ch_5_reg[8]/C
i_system_wrapper/system_i/axi_pwm_custom_xcr/inst/i_if_axi_pwm_custom/data_ch_5_reg[9]/C

 There are 72 register/latch pins with no clock driven by root clock pin: i_system_wrapper/system_i/axi_pwm_custom_xcr/inst/i_if_axi_pwm_custom/counter_reg[9]/Q (HIGH)

i_system_wrapper/system_i/axi_pwm_custom_xcr/inst/i_if_axi_pwm_custom/data_ch_0_reg[0]/C
i_system_wrapper/system_i/axi_pwm_custom_xcr/inst/i_if_axi_pwm_custom/data_ch_0_reg[10]/C
i_system_wrapper/system_i/axi_pwm_custom_xcr/inst/i_if_axi_pwm_custom/data_ch_0_reg[11]/C
i_system_wrapper/system_i/axi_pwm_custom_xcr/inst/i_if_axi_pwm_custom/data_ch_0_reg[1]/C
i_system_wrapper/system_i/axi_pwm_custom_xcr/inst/i_if_axi_pwm_custom/data_ch_0_reg[2]/C
i_system_wrapper/system_i/axi_pwm_custom_xcr/inst/i_if_axi_pwm_custom/data_ch_0_reg[3]/C
i_system_wrapper/system_i/axi_pwm_custom_xcr/inst/i_if_axi_pwm_custom/data_ch_0_reg[4]/C
i_system_wrapper/system_i/axi_pwm_custom_xcr/inst/i_if_axi_pwm_custom/data_ch_0_reg[5]/C
i_system_wrapper/system_i/axi_pwm_custom_xcr/inst/i_if_axi_pwm_custom/data_ch_0_reg[6]/C
i_system_wrapper/system_i/axi_pwm_custom_xcr/inst/i_if_axi_pwm_custom/data_ch_0_reg[7]/C
i_system_wrapper/system_i/axi_pwm_custom_xcr/inst/i_if_axi_pwm_custom/data_ch_0_reg[8]/C
i_system_wrapper/system_i/axi_pwm_custom_xcr/inst/i_if_axi_pwm_custom/data_ch_0_reg[9]/C
i_system_wrapper/system_i/axi_pwm_custom_xcr/inst/i_if_axi_pwm_custom/data_ch_1_reg[0]/C
i_system_wrapper/system_i/axi_pwm_custom_xcr/inst/i_if_axi_pwm_custom/data_ch_1_reg[10]/C
i_system_wrapper/system_i/axi_pwm_custom_xcr/inst/i_if_axi_pwm_custom/data_ch_1_reg[11]/C
i_system_wrapper/system_i/axi_pwm_custom_xcr/inst/i_if_axi_pwm_custom/data_ch_1_reg[1]/C
i_system_wrapper/system_i/axi_pwm_custom_xcr/inst/i_if_axi_pwm_custom/data_ch_1_reg[2]/C
i_system_wrapper/system_i/axi_pwm_custom_xcr/inst/i_if_axi_pwm_custom/data_ch_1_reg[3]/C
i_system_wrapper/system_i/axi_pwm_custom_xcr/inst/i_if_axi_pwm_custom/data_ch_1_reg[4]/C
i_system_wrapper/system_i/axi_pwm_custom_xcr/inst/i_if_axi_pwm_custom/data_ch_1_reg[5]/C
i_system_wrapper/system_i/axi_pwm_custom_xcr/inst/i_if_axi_pwm_custom/data_ch_1_reg[6]/C
i_system_wrapper/system_i/axi_pwm_custom_xcr/inst/i_if_axi_pwm_custom/data_ch_1_reg[7]/C
i_system_wrapper/system_i/axi_pwm_custom_xcr/inst/i_if_axi_pwm_custom/data_ch_1_reg[8]/C
i_system_wrapper/system_i/axi_pwm_custom_xcr/inst/i_if_axi_pwm_custom/data_ch_1_reg[9]/C
i_system_wrapper/system_i/axi_pwm_custom_xcr/inst/i_if_axi_pwm_custom/data_ch_2_reg[0]/C
i_system_wrapper/system_i/axi_pwm_custom_xcr/inst/i_if_axi_pwm_custom/data_ch_2_reg[10]/C
i_system_wrapper/system_i/axi_pwm_custom_xcr/inst/i_if_axi_pwm_custom/data_ch_2_reg[11]/C
i_system_wrapper/system_i/axi_pwm_custom_xcr/inst/i_if_axi_pwm_custom/data_ch_2_reg[1]/C
i_system_wrapper/system_i/axi_pwm_custom_xcr/inst/i_if_axi_pwm_custom/data_ch_2_reg[2]/C
i_system_wrapper/system_i/axi_pwm_custom_xcr/inst/i_if_axi_pwm_custom/data_ch_2_reg[3]/C
i_system_wrapper/system_i/axi_pwm_custom_xcr/inst/i_if_axi_pwm_custom/data_ch_2_reg[4]/C
i_system_wrapper/system_i/axi_pwm_custom_xcr/inst/i_if_axi_pwm_custom/data_ch_2_reg[5]/C
i_system_wrapper/system_i/axi_pwm_custom_xcr/inst/i_if_axi_pwm_custom/data_ch_2_reg[6]/C
i_system_wrapper/system_i/axi_pwm_custom_xcr/inst/i_if_axi_pwm_custom/data_ch_2_reg[7]/C
i_system_wrapper/system_i/axi_pwm_custom_xcr/inst/i_if_axi_pwm_custom/data_ch_2_reg[8]/C
i_system_wrapper/system_i/axi_pwm_custom_xcr/inst/i_if_axi_pwm_custom/data_ch_2_reg[9]/C
i_system_wrapper/system_i/axi_pwm_custom_xcr/inst/i_if_axi_pwm_custom/data_ch_3_reg[0]/C
i_system_wrapper/system_i/axi_pwm_custom_xcr/inst/i_if_axi_pwm_custom/data_ch_3_reg[10]/C
i_system_wrapper/system_i/axi_pwm_custom_xcr/inst/i_if_axi_pwm_custom/data_ch_3_reg[11]/C
i_system_wrapper/system_i/axi_pwm_custom_xcr/inst/i_if_axi_pwm_custom/data_ch_3_reg[1]/C
i_system_wrapper/system_i/axi_pwm_custom_xcr/inst/i_if_axi_pwm_custom/data_ch_3_reg[2]/C
i_system_wrapper/system_i/axi_pwm_custom_xcr/inst/i_if_axi_pwm_custom/data_ch_3_reg[3]/C
i_system_wrapper/system_i/axi_pwm_custom_xcr/inst/i_if_axi_pwm_custom/data_ch_3_reg[4]/C
i_system_wrapper/system_i/axi_pwm_custom_xcr/inst/i_if_axi_pwm_custom/data_ch_3_reg[5]/C
i_system_wrapper/system_i/axi_pwm_custom_xcr/inst/i_if_axi_pwm_custom/data_ch_3_reg[6]/C
i_system_wrapper/system_i/axi_pwm_custom_xcr/inst/i_if_axi_pwm_custom/data_ch_3_reg[7]/C
i_system_wrapper/system_i/axi_pwm_custom_xcr/inst/i_if_axi_pwm_custom/data_ch_3_reg[8]/C
i_system_wrapper/system_i/axi_pwm_custom_xcr/inst/i_if_axi_pwm_custom/data_ch_3_reg[9]/C
i_system_wrapper/system_i/axi_pwm_custom_xcr/inst/i_if_axi_pwm_custom/data_ch_4_reg[0]/C
i_system_wrapper/system_i/axi_pwm_custom_xcr/inst/i_if_axi_pwm_custom/data_ch_4_reg[10]/C
i_system_wrapper/system_i/axi_pwm_custom_xcr/inst/i_if_axi_pwm_custom/data_ch_4_reg[11]/C
i_system_wrapper/system_i/axi_pwm_custom_xcr/inst/i_if_axi_pwm_custom/data_ch_4_reg[1]/C
i_system_wrapper/system_i/axi_pwm_custom_xcr/inst/i_if_axi_pwm_custom/data_ch_4_reg[2]/C
i_system_wrapper/system_i/axi_pwm_custom_xcr/inst/i_if_axi_pwm_custom/data_ch_4_reg[3]/C
i_system_wrapper/system_i/axi_pwm_custom_xcr/inst/i_if_axi_pwm_custom/data_ch_4_reg[4]/C
i_system_wrapper/system_i/axi_pwm_custom_xcr/inst/i_if_axi_pwm_custom/data_ch_4_reg[5]/C
i_system_wrapper/system_i/axi_pwm_custom_xcr/inst/i_if_axi_pwm_custom/data_ch_4_reg[6]/C
i_system_wrapper/system_i/axi_pwm_custom_xcr/inst/i_if_axi_pwm_custom/data_ch_4_reg[7]/C
i_system_wrapper/system_i/axi_pwm_custom_xcr/inst/i_if_axi_pwm_custom/data_ch_4_reg[8]/C
i_system_wrapper/system_i/axi_pwm_custom_xcr/inst/i_if_axi_pwm_custom/data_ch_4_reg[9]/C
i_system_wrapper/system_i/axi_pwm_custom_xcr/inst/i_if_axi_pwm_custom/data_ch_5_reg[0]/C
i_system_wrapper/system_i/axi_pwm_custom_xcr/inst/i_if_axi_pwm_custom/data_ch_5_reg[10]/C
i_system_wrapper/system_i/axi_pwm_custom_xcr/inst/i_if_axi_pwm_custom/data_ch_5_reg[11]/C
i_system_wrapper/system_i/axi_pwm_custom_xcr/inst/i_if_axi_pwm_custom/data_ch_5_reg[1]/C
i_system_wrapper/system_i/axi_pwm_custom_xcr/inst/i_if_axi_pwm_custom/data_ch_5_reg[2]/C
i_system_wrapper/system_i/axi_pwm_custom_xcr/inst/i_if_axi_pwm_custom/data_ch_5_reg[3]/C
i_system_wrapper/system_i/axi_pwm_custom_xcr/inst/i_if_axi_pwm_custom/data_ch_5_reg[4]/C
i_system_wrapper/system_i/axi_pwm_custom_xcr/inst/i_if_axi_pwm_custom/data_ch_5_reg[5]/C
i_system_wrapper/system_i/axi_pwm_custom_xcr/inst/i_if_axi_pwm_custom/data_ch_5_reg[6]/C
i_system_wrapper/system_i/axi_pwm_custom_xcr/inst/i_if_axi_pwm_custom/data_ch_5_reg[7]/C
i_system_wrapper/system_i/axi_pwm_custom_xcr/inst/i_if_axi_pwm_custom/data_ch_5_reg[8]/C
i_system_wrapper/system_i/axi_pwm_custom_xcr/inst/i_if_axi_pwm_custom/data_ch_5_reg[9]/C

 There are 72 register/latch pins with no clock driven by root clock pin: i_system_wrapper/system_i/sys_rstgen/U0/ACTIVE_LOW_PR_OUT_DFF[0].FDRE_PER_N/Q (HIGH)

i_system_wrapper/system_i/axi_pwm_custom_xcr/inst/i_if_axi_pwm_custom/data_ch_0_reg[0]/C
i_system_wrapper/system_i/axi_pwm_custom_xcr/inst/i_if_axi_pwm_custom/data_ch_0_reg[10]/C
i_system_wrapper/system_i/axi_pwm_custom_xcr/inst/i_if_axi_pwm_custom/data_ch_0_reg[11]/C
i_system_wrapper/system_i/axi_pwm_custom_xcr/inst/i_if_axi_pwm_custom/data_ch_0_reg[1]/C
i_system_wrapper/system_i/axi_pwm_custom_xcr/inst/i_if_axi_pwm_custom/data_ch_0_reg[2]/C
i_system_wrapper/system_i/axi_pwm_custom_xcr/inst/i_if_axi_pwm_custom/data_ch_0_reg[3]/C
i_system_wrapper/system_i/axi_pwm_custom_xcr/inst/i_if_axi_pwm_custom/data_ch_0_reg[4]/C
i_system_wrapper/system_i/axi_pwm_custom_xcr/inst/i_if_axi_pwm_custom/data_ch_0_reg[5]/C
i_system_wrapper/system_i/axi_pwm_custom_xcr/inst/i_if_axi_pwm_custom/data_ch_0_reg[6]/C
i_system_wrapper/system_i/axi_pwm_custom_xcr/inst/i_if_axi_pwm_custom/data_ch_0_reg[7]/C
i_system_wrapper/system_i/axi_pwm_custom_xcr/inst/i_if_axi_pwm_custom/data_ch_0_reg[8]/C
i_system_wrapper/system_i/axi_pwm_custom_xcr/inst/i_if_axi_pwm_custom/data_ch_0_reg[9]/C
i_system_wrapper/system_i/axi_pwm_custom_xcr/inst/i_if_axi_pwm_custom/data_ch_1_reg[0]/C
i_system_wrapper/system_i/axi_pwm_custom_xcr/inst/i_if_axi_pwm_custom/data_ch_1_reg[10]/C
i_system_wrapper/system_i/axi_pwm_custom_xcr/inst/i_if_axi_pwm_custom/data_ch_1_reg[11]/C
i_system_wrapper/system_i/axi_pwm_custom_xcr/inst/i_if_axi_pwm_custom/data_ch_1_reg[1]/C
i_system_wrapper/system_i/axi_pwm_custom_xcr/inst/i_if_axi_pwm_custom/data_ch_1_reg[2]/C
i_system_wrapper/system_i/axi_pwm_custom_xcr/inst/i_if_axi_pwm_custom/data_ch_1_reg[3]/C
i_system_wrapper/system_i/axi_pwm_custom_xcr/inst/i_if_axi_pwm_custom/data_ch_1_reg[4]/C
i_system_wrapper/system_i/axi_pwm_custom_xcr/inst/i_if_axi_pwm_custom/data_ch_1_reg[5]/C
i_system_wrapper/system_i/axi_pwm_custom_xcr/inst/i_if_axi_pwm_custom/data_ch_1_reg[6]/C
i_system_wrapper/system_i/axi_pwm_custom_xcr/inst/i_if_axi_pwm_custom/data_ch_1_reg[7]/C
i_system_wrapper/system_i/axi_pwm_custom_xcr/inst/i_if_axi_pwm_custom/data_ch_1_reg[8]/C
i_system_wrapper/system_i/axi_pwm_custom_xcr/inst/i_if_axi_pwm_custom/data_ch_1_reg[9]/C
i_system_wrapper/system_i/axi_pwm_custom_xcr/inst/i_if_axi_pwm_custom/data_ch_2_reg[0]/C
i_system_wrapper/system_i/axi_pwm_custom_xcr/inst/i_if_axi_pwm_custom/data_ch_2_reg[10]/C
i_system_wrapper/system_i/axi_pwm_custom_xcr/inst/i_if_axi_pwm_custom/data_ch_2_reg[11]/C
i_system_wrapper/system_i/axi_pwm_custom_xcr/inst/i_if_axi_pwm_custom/data_ch_2_reg[1]/C
i_system_wrapper/system_i/axi_pwm_custom_xcr/inst/i_if_axi_pwm_custom/data_ch_2_reg[2]/C
i_system_wrapper/system_i/axi_pwm_custom_xcr/inst/i_if_axi_pwm_custom/data_ch_2_reg[3]/C
i_system_wrapper/system_i/axi_pwm_custom_xcr/inst/i_if_axi_pwm_custom/data_ch_2_reg[4]/C
i_system_wrapper/system_i/axi_pwm_custom_xcr/inst/i_if_axi_pwm_custom/data_ch_2_reg[5]/C
i_system_wrapper/system_i/axi_pwm_custom_xcr/inst/i_if_axi_pwm_custom/data_ch_2_reg[6]/C
i_system_wrapper/system_i/axi_pwm_custom_xcr/inst/i_if_axi_pwm_custom/data_ch_2_reg[7]/C
i_system_wrapper/system_i/axi_pwm_custom_xcr/inst/i_if_axi_pwm_custom/data_ch_2_reg[8]/C
i_system_wrapper/system_i/axi_pwm_custom_xcr/inst/i_if_axi_pwm_custom/data_ch_2_reg[9]/C
i_system_wrapper/system_i/axi_pwm_custom_xcr/inst/i_if_axi_pwm_custom/data_ch_3_reg[0]/C
i_system_wrapper/system_i/axi_pwm_custom_xcr/inst/i_if_axi_pwm_custom/data_ch_3_reg[10]/C
i_system_wrapper/system_i/axi_pwm_custom_xcr/inst/i_if_axi_pwm_custom/data_ch_3_reg[11]/C
i_system_wrapper/system_i/axi_pwm_custom_xcr/inst/i_if_axi_pwm_custom/data_ch_3_reg[1]/C
i_system_wrapper/system_i/axi_pwm_custom_xcr/inst/i_if_axi_pwm_custom/data_ch_3_reg[2]/C
i_system_wrapper/system_i/axi_pwm_custom_xcr/inst/i_if_axi_pwm_custom/data_ch_3_reg[3]/C
i_system_wrapper/system_i/axi_pwm_custom_xcr/inst/i_if_axi_pwm_custom/data_ch_3_reg[4]/C
i_system_wrapper/system_i/axi_pwm_custom_xcr/inst/i_if_axi_pwm_custom/data_ch_3_reg[5]/C
i_system_wrapper/system_i/axi_pwm_custom_xcr/inst/i_if_axi_pwm_custom/data_ch_3_reg[6]/C
i_system_wrapper/system_i/axi_pwm_custom_xcr/inst/i_if_axi_pwm_custom/data_ch_3_reg[7]/C
i_system_wrapper/system_i/axi_pwm_custom_xcr/inst/i_if_axi_pwm_custom/data_ch_3_reg[8]/C
i_system_wrapper/system_i/axi_pwm_custom_xcr/inst/i_if_axi_pwm_custom/data_ch_3_reg[9]/C
i_system_wrapper/system_i/axi_pwm_custom_xcr/inst/i_if_axi_pwm_custom/data_ch_4_reg[0]/C
i_system_wrapper/system_i/axi_pwm_custom_xcr/inst/i_if_axi_pwm_custom/data_ch_4_reg[10]/C
i_system_wrapper/system_i/axi_pwm_custom_xcr/inst/i_if_axi_pwm_custom/data_ch_4_reg[11]/C
i_system_wrapper/system_i/axi_pwm_custom_xcr/inst/i_if_axi_pwm_custom/data_ch_4_reg[1]/C
i_system_wrapper/system_i/axi_pwm_custom_xcr/inst/i_if_axi_pwm_custom/data_ch_4_reg[2]/C
i_system_wrapper/system_i/axi_pwm_custom_xcr/inst/i_if_axi_pwm_custom/data_ch_4_reg[3]/C
i_system_wrapper/system_i/axi_pwm_custom_xcr/inst/i_if_axi_pwm_custom/data_ch_4_reg[4]/C
i_system_wrapper/system_i/axi_pwm_custom_xcr/inst/i_if_axi_pwm_custom/data_ch_4_reg[5]/C
i_system_wrapper/system_i/axi_pwm_custom_xcr/inst/i_if_axi_pwm_custom/data_ch_4_reg[6]/C
i_system_wrapper/system_i/axi_pwm_custom_xcr/inst/i_if_axi_pwm_custom/data_ch_4_reg[7]/C
i_system_wrapper/system_i/axi_pwm_custom_xcr/inst/i_if_axi_pwm_custom/data_ch_4_reg[8]/C
i_system_wrapper/system_i/axi_pwm_custom_xcr/inst/i_if_axi_pwm_custom/data_ch_4_reg[9]/C
i_system_wrapper/system_i/axi_pwm_custom_xcr/inst/i_if_axi_pwm_custom/data_ch_5_reg[0]/C
i_system_wrapper/system_i/axi_pwm_custom_xcr/inst/i_if_axi_pwm_custom/data_ch_5_reg[10]/C
i_system_wrapper/system_i/axi_pwm_custom_xcr/inst/i_if_axi_pwm_custom/data_ch_5_reg[11]/C
i_system_wrapper/system_i/axi_pwm_custom_xcr/inst/i_if_axi_pwm_custom/data_ch_5_reg[1]/C
i_system_wrapper/system_i/axi_pwm_custom_xcr/inst/i_if_axi_pwm_custom/data_ch_5_reg[2]/C
i_system_wrapper/system_i/axi_pwm_custom_xcr/inst/i_if_axi_pwm_custom/data_ch_5_reg[3]/C
i_system_wrapper/system_i/axi_pwm_custom_xcr/inst/i_if_axi_pwm_custom/data_ch_5_reg[4]/C
i_system_wrapper/system_i/axi_pwm_custom_xcr/inst/i_if_axi_pwm_custom/data_ch_5_reg[5]/C
i_system_wrapper/system_i/axi_pwm_custom_xcr/inst/i_if_axi_pwm_custom/data_ch_5_reg[6]/C
i_system_wrapper/system_i/axi_pwm_custom_xcr/inst/i_if_axi_pwm_custom/data_ch_5_reg[7]/C
i_system_wrapper/system_i/axi_pwm_custom_xcr/inst/i_if_axi_pwm_custom/data_ch_5_reg[8]/C
i_system_wrapper/system_i/axi_pwm_custom_xcr/inst/i_if_axi_pwm_custom/data_ch_5_reg[9]/C


