11:38:07 DEBUG : Logs will be stored at '/home/analog/workspace/practica/hdl/projects/ad5592r_pmdz/software_1/IDE.log'.
11:38:15 INFO  : Platform repository initialization has completed.
11:38:15 INFO  : Launching XSCT server: xsct -n  -interactive /home/analog/workspace/practica/hdl/projects/ad5592r_pmdz/software_1/temp_xsdb_launch_script.tcl
11:38:15 INFO  : Registering command handlers for Vitis TCF services
11:38:18 INFO  : XSCT server has started successfully.
11:38:18 INFO  : plnx-install-location is set to ''
11:38:18 INFO  : Successfully done setting XSCT server connection channel  
11:38:18 INFO  : Successfully done query RDI_DATADIR 
11:38:18 INFO  : Successfully done setting workspace for the tool. 
11:39:26 INFO  : Result from executing command 'getProjects': system_top
11:39:26 INFO  : Result from executing command 'getPlatforms': 
11:39:26 WARN  : An unexpected exception occurred in the module 'platform project logging'
11:39:26 INFO  : Platform 'system_top' is added to custom repositories.
11:39:37 INFO  : Platform 'system_top' is added to custom repositories.
11:40:29 INFO  : Result from executing command 'getProjects': system_top
11:40:29 INFO  : Result from executing command 'getPlatforms': system_top|/home/analog/workspace/practica/hdl/projects/ad5592r_pmdz/software_1/system_top/export/system_top/system_top.xpfm
11:40:32 INFO  : Checking for BSP changes to sync application flags for project 'ad5592r'...
11:41:23 INFO  : Connected to target on host '127.0.0.1' and port '3121'.
11:41:24 INFO  : Jtag cable 'Digilent Cora Z7 - 7007S 210370BCAD3EA' is selected.
11:41:24 INFO  : 'jtag frequency' command is executed.
11:41:24 INFO  : Context for 'APU' is selected.
11:41:24 INFO  : System reset is completed.
11:41:27 INFO  : 'after 3000' command is executed.
11:41:27 INFO  : 'targets -set -filter {jtag_cable_name =~ "Digilent Cora Z7 - 7007S 210370BCAD3EA" && level==0 && jtag_device_ctx=="jsn-Cora Z7 - 7007S-210370BCAD3EA-13723093-0"}' command is executed.
11:41:28 INFO  : Device configured successfully with "/home/analog/workspace/practica/hdl/projects/ad5592r_pmdz/software_1/ad5592r/_ide/bitstream/system_top.bit"
11:41:28 INFO  : Context for 'APU' is selected.
11:41:28 INFO  : Hardware design and registers information is loaded from '/home/analog/workspace/practica/hdl/projects/ad5592r_pmdz/software_1/system_top/export/system_top/hw/system_top.xsa'.
11:41:28 INFO  : 'configparams force-mem-access 1' command is executed.
11:41:28 INFO  : Context for 'APU' is selected.
11:41:28 INFO  : Sourcing of '/home/analog/workspace/practica/hdl/projects/ad5592r_pmdz/software_1/ad5592r/_ide/psinit/ps7_init.tcl' is done.
11:41:29 INFO  : 'ps7_init' command is executed.
11:41:29 INFO  : 'ps7_post_config' command is executed.
11:41:29 INFO  : Context for processor 'ps7_cortexa9_0' is selected.
11:41:30 INFO  : The application '/home/analog/workspace/practica/hdl/projects/ad5592r_pmdz/software_1/ad5592r/Debug/ad5592r.elf' is downloaded to processor 'ps7_cortexa9_0'.
11:41:30 INFO  : 'configparams force-mem-access 0' command is executed.
11:41:30 INFO  : ----------------XSDB Script----------------
connect -url tcp:127.0.0.1:3121
targets -set -nocase -filter {name =~"APU*"}
rst -system
after 3000
targets -set -filter {jtag_cable_name =~ "Digilent Cora Z7 - 7007S 210370BCAD3EA" && level==0 && jtag_device_ctx=="jsn-Cora Z7 - 7007S-210370BCAD3EA-13723093-0"}
fpga -file /home/analog/workspace/practica/hdl/projects/ad5592r_pmdz/software_1/ad5592r/_ide/bitstream/system_top.bit
targets -set -nocase -filter {name =~"APU*"}
loadhw -hw /home/analog/workspace/practica/hdl/projects/ad5592r_pmdz/software_1/system_top/export/system_top/hw/system_top.xsa -mem-ranges [list {0x40000000 0xbfffffff}] -regs
configparams force-mem-access 1
targets -set -nocase -filter {name =~"APU*"}
source /home/analog/workspace/practica/hdl/projects/ad5592r_pmdz/software_1/ad5592r/_ide/psinit/ps7_init.tcl
ps7_init
ps7_post_config
targets -set -nocase -filter {name =~ "*A9*#0"}
dow /home/analog/workspace/practica/hdl/projects/ad5592r_pmdz/software_1/ad5592r/Debug/ad5592r.elf
configparams force-mem-access 0
----------------End of Script----------------

11:41:30 INFO  : Context for processor 'ps7_cortexa9_0' is selected.
11:41:30 INFO  : 'con' command is executed.
11:41:30 INFO  : ----------------XSDB Script (After Launch)----------------
targets -set -nocase -filter {name =~ "*A9*#0"}
con
----------------End of Script----------------

11:41:30 INFO  : Launch script is exported to file '/home/analog/workspace/practica/hdl/projects/ad5592r_pmdz/software_1/ad5592r_system/_ide/scripts/debugger_ad5592r-default.tcl'
14:00:13 DEBUG : Logs will be stored at '/home/analog/workspace/practica/hdl/projects/ad5592r_pmdz/software_1/IDE.log'.
14:00:14 INFO  : Launching XSCT server: xsct -n  -interactive /home/analog/workspace/practica/hdl/projects/ad5592r_pmdz/software_1/temp_xsdb_launch_script.tcl
14:00:17 INFO  : Platform repository initialization has completed.
14:00:18 INFO  : Registering command handlers for Vitis TCF services
14:00:18 INFO  : XSCT server has started successfully.
14:00:18 INFO  : plnx-install-location is set to ''
14:00:19 INFO  : Successfully done setting XSCT server connection channel  
14:00:19 INFO  : Successfully done query RDI_DATADIR 
14:00:19 INFO  : Successfully done setting workspace for the tool. 
14:00:39 INFO  : Result from executing command 'getProjects': system_top
14:00:39 INFO  : Result from executing command 'getPlatforms': system_top|/home/analog/workspace/practica/hdl/projects/ad5592r_pmdz/software_1/system_top/export/system_top/system_top.xpfm
14:00:42 INFO  : Checking for BSP changes to sync application flags for project 'ad5592r'...
14:02:37 INFO  : Checking for BSP changes to sync application flags for project 'ad5592r'...
14:02:51 INFO  : Connected to target on host '127.0.0.1' and port '3121'.
14:03:09 INFO  : ----------------XSDB Script----------------
connect -url tcp:127.0.0.1:3121
----------------End of Script----------------

14:03:09 ERROR : Could not find ARM device on the board for connection 'Local'.
Check if the target is in:
1. Split JTAG - No operations are possible with ARM DAP.
2. Non JTAG bootmode - Bootrom may need time to enable DAP.
Please try again.


Troubleshooting hints:
1. Check whether board is connected to system properly.
2. In case of zynq board, check whether Digilent/Xilinx cable switch settings are correct.
3. If you are using Xilinx Platform Cable USB, ensure that status LED is green.
14:03:13 INFO  : Connected to target on host '127.0.0.1' and port '3121'.
14:03:31 INFO  : ----------------XSDB Script----------------
connect -url tcp:127.0.0.1:3121
----------------End of Script----------------

14:03:31 ERROR : Could not find ARM device on the board for connection 'Local'.
Check if the target is in:
1. Split JTAG - No operations are possible with ARM DAP.
2. Non JTAG bootmode - Bootrom may need time to enable DAP.
Please try again.


Troubleshooting hints:
1. Check whether board is connected to system properly.
2. In case of zynq board, check whether Digilent/Xilinx cable switch settings are correct.
3. If you are using Xilinx Platform Cable USB, ensure that status LED is green.
14:03:40 INFO  : Connected to target on host '127.0.0.1' and port '3121'.
14:03:41 INFO  : Jtag cable 'Digilent Cora Z7 - 7007S 210370BCAD3EA' is selected.
14:03:41 INFO  : 'jtag frequency' command is executed.
14:03:41 INFO  : Context for 'APU' is selected.
14:03:41 INFO  : System reset is completed.
14:03:44 INFO  : 'after 3000' command is executed.
14:03:44 INFO  : 'targets -set -filter {jtag_cable_name =~ "Digilent Cora Z7 - 7007S 210370BCAD3EA" && level==0 && jtag_device_ctx=="jsn-Cora Z7 - 7007S-210370BCAD3EA-13723093-0"}' command is executed.
14:03:45 INFO  : Device configured successfully with "/home/analog/workspace/practica/hdl/projects/ad5592r_pmdz/software_1/ad5592r/_ide/bitstream/system_top.bit"
14:03:45 INFO  : Context for 'APU' is selected.
14:03:45 INFO  : Hardware design and registers information is loaded from '/home/analog/workspace/practica/hdl/projects/ad5592r_pmdz/software_1/system_top/export/system_top/hw/system_top.xsa'.
14:03:45 INFO  : 'configparams force-mem-access 1' command is executed.
14:03:45 INFO  : Context for 'APU' is selected.
14:03:45 INFO  : Sourcing of '/home/analog/workspace/practica/hdl/projects/ad5592r_pmdz/software_1/ad5592r/_ide/psinit/ps7_init.tcl' is done.
14:03:46 INFO  : 'ps7_init' command is executed.
14:03:46 INFO  : 'ps7_post_config' command is executed.
14:03:46 INFO  : Context for processor 'ps7_cortexa9_0' is selected.
14:03:47 INFO  : The application '/home/analog/workspace/practica/hdl/projects/ad5592r_pmdz/software_1/ad5592r/Debug/ad5592r.elf' is downloaded to processor 'ps7_cortexa9_0'.
14:03:47 INFO  : 'configparams force-mem-access 0' command is executed.
14:03:47 INFO  : ----------------XSDB Script----------------
connect -url tcp:127.0.0.1:3121
targets -set -nocase -filter {name =~"APU*"}
rst -system
after 3000
targets -set -filter {jtag_cable_name =~ "Digilent Cora Z7 - 7007S 210370BCAD3EA" && level==0 && jtag_device_ctx=="jsn-Cora Z7 - 7007S-210370BCAD3EA-13723093-0"}
fpga -file /home/analog/workspace/practica/hdl/projects/ad5592r_pmdz/software_1/ad5592r/_ide/bitstream/system_top.bit
targets -set -nocase -filter {name =~"APU*"}
loadhw -hw /home/analog/workspace/practica/hdl/projects/ad5592r_pmdz/software_1/system_top/export/system_top/hw/system_top.xsa -mem-ranges [list {0x40000000 0xbfffffff}] -regs
configparams force-mem-access 1
targets -set -nocase -filter {name =~"APU*"}
source /home/analog/workspace/practica/hdl/projects/ad5592r_pmdz/software_1/ad5592r/_ide/psinit/ps7_init.tcl
ps7_init
ps7_post_config
targets -set -nocase -filter {name =~ "*A9*#0"}
dow /home/analog/workspace/practica/hdl/projects/ad5592r_pmdz/software_1/ad5592r/Debug/ad5592r.elf
configparams force-mem-access 0
----------------End of Script----------------

14:03:47 INFO  : Context for processor 'ps7_cortexa9_0' is selected.
14:03:47 INFO  : 'con' command is executed.
14:03:47 INFO  : ----------------XSDB Script (After Launch)----------------
targets -set -nocase -filter {name =~ "*A9*#0"}
con
----------------End of Script----------------

14:03:47 INFO  : Launch script is exported to file '/home/analog/workspace/practica/hdl/projects/ad5592r_pmdz/software_1/ad5592r_system/_ide/scripts/debugger_ad5592r-default.tcl'
14:07:31 INFO  : Disconnected from the channel tcfchan#2.
14:07:32 INFO  : Connected to target on host '127.0.0.1' and port '3121'.
14:07:32 INFO  : Jtag cable 'Digilent Cora Z7 - 7007S 210370BCAD3EA' is selected.
14:07:32 INFO  : 'jtag frequency' command is executed.
14:07:32 INFO  : Context for 'APU' is selected.
14:07:32 INFO  : System reset is completed.
14:07:35 INFO  : 'after 3000' command is executed.
14:07:35 INFO  : 'targets -set -filter {jtag_cable_name =~ "Digilent Cora Z7 - 7007S 210370BCAD3EA" && level==0 && jtag_device_ctx=="jsn-Cora Z7 - 7007S-210370BCAD3EA-13723093-0"}' command is executed.
14:07:36 INFO  : Device configured successfully with "/home/analog/workspace/practica/hdl/projects/ad5592r_pmdz/software_1/ad5592r/_ide/bitstream/system_top.bit"
14:07:36 INFO  : Context for 'APU' is selected.
14:07:37 INFO  : Hardware design and registers information is loaded from '/home/analog/workspace/practica/hdl/projects/ad5592r_pmdz/software_1/system_top/export/system_top/hw/system_top.xsa'.
14:07:37 INFO  : 'configparams force-mem-access 1' command is executed.
14:07:37 INFO  : Context for 'APU' is selected.
14:07:37 INFO  : Sourcing of '/home/analog/workspace/practica/hdl/projects/ad5592r_pmdz/software_1/ad5592r/_ide/psinit/ps7_init.tcl' is done.
14:07:38 INFO  : 'ps7_init' command is executed.
14:07:38 INFO  : 'ps7_post_config' command is executed.
14:07:38 INFO  : Context for processor 'ps7_cortexa9_0' is selected.
14:07:38 INFO  : The application '/home/analog/workspace/practica/hdl/projects/ad5592r_pmdz/software_1/ad5592r/Debug/ad5592r.elf' is downloaded to processor 'ps7_cortexa9_0'.
14:07:38 INFO  : 'configparams force-mem-access 0' command is executed.
14:07:38 INFO  : ----------------XSDB Script----------------
connect -url tcp:127.0.0.1:3121
targets -set -nocase -filter {name =~"APU*"}
rst -system
after 3000
targets -set -filter {jtag_cable_name =~ "Digilent Cora Z7 - 7007S 210370BCAD3EA" && level==0 && jtag_device_ctx=="jsn-Cora Z7 - 7007S-210370BCAD3EA-13723093-0"}
fpga -file /home/analog/workspace/practica/hdl/projects/ad5592r_pmdz/software_1/ad5592r/_ide/bitstream/system_top.bit
targets -set -nocase -filter {name =~"APU*"}
loadhw -hw /home/analog/workspace/practica/hdl/projects/ad5592r_pmdz/software_1/system_top/export/system_top/hw/system_top.xsa -mem-ranges [list {0x40000000 0xbfffffff}] -regs
configparams force-mem-access 1
targets -set -nocase -filter {name =~"APU*"}
source /home/analog/workspace/practica/hdl/projects/ad5592r_pmdz/software_1/ad5592r/_ide/psinit/ps7_init.tcl
ps7_init
ps7_post_config
targets -set -nocase -filter {name =~ "*A9*#0"}
dow /home/analog/workspace/practica/hdl/projects/ad5592r_pmdz/software_1/ad5592r/Debug/ad5592r.elf
configparams force-mem-access 0
----------------End of Script----------------

14:07:38 INFO  : Context for processor 'ps7_cortexa9_0' is selected.
14:07:38 INFO  : 'con' command is executed.
14:07:38 INFO  : ----------------XSDB Script (After Launch)----------------
targets -set -nocase -filter {name =~ "*A9*#0"}
con
----------------End of Script----------------

14:07:38 INFO  : Launch script is exported to file '/home/analog/workspace/practica/hdl/projects/ad5592r_pmdz/software_1/ad5592r_system/_ide/scripts/debugger_ad5592r-default.tcl'
14:15:20 INFO  : Disconnected from the channel tcfchan#3.
14:15:21 INFO  : Connected to target on host '127.0.0.1' and port '3121'.
14:15:23 INFO  : Jtag cable 'Digilent Cora Z7 - 7007S 210370BCAD3EA' is selected.
14:15:23 INFO  : 'jtag frequency' command is executed.
14:15:23 INFO  : Context for 'APU' is selected.
14:15:24 INFO  : System reset is completed.
14:15:27 INFO  : 'after 3000' command is executed.
14:15:27 INFO  : 'targets -set -filter {jtag_cable_name =~ "Digilent Cora Z7 - 7007S 210370BCAD3EA" && level==0 && jtag_device_ctx=="jsn-Cora Z7 - 7007S-210370BCAD3EA-13723093-0"}' command is executed.
14:15:28 INFO  : Device configured successfully with "/home/analog/workspace/practica/hdl/projects/ad5592r_pmdz/software_1/ad5592r/_ide/bitstream/system_top.bit"
14:15:28 INFO  : Context for 'APU' is selected.
14:15:28 INFO  : Hardware design and registers information is loaded from '/home/analog/workspace/practica/hdl/projects/ad5592r_pmdz/software_1/system_top/export/system_top/hw/system_top.xsa'.
14:15:28 INFO  : 'configparams force-mem-access 1' command is executed.
14:15:28 INFO  : Context for 'APU' is selected.
14:15:28 INFO  : Sourcing of '/home/analog/workspace/practica/hdl/projects/ad5592r_pmdz/software_1/ad5592r/_ide/psinit/ps7_init.tcl' is done.
14:15:29 INFO  : 'ps7_init' command is executed.
14:15:29 INFO  : 'ps7_post_config' command is executed.
14:15:29 INFO  : Context for processor 'ps7_cortexa9_0' is selected.
14:15:29 INFO  : The application '/home/analog/workspace/practica/hdl/projects/ad5592r_pmdz/software_1/ad5592r/Debug/ad5592r.elf' is downloaded to processor 'ps7_cortexa9_0'.
14:15:29 INFO  : 'configparams force-mem-access 0' command is executed.
14:15:29 INFO  : ----------------XSDB Script----------------
connect -url tcp:127.0.0.1:3121
targets -set -nocase -filter {name =~"APU*"}
rst -system
after 3000
targets -set -filter {jtag_cable_name =~ "Digilent Cora Z7 - 7007S 210370BCAD3EA" && level==0 && jtag_device_ctx=="jsn-Cora Z7 - 7007S-210370BCAD3EA-13723093-0"}
fpga -file /home/analog/workspace/practica/hdl/projects/ad5592r_pmdz/software_1/ad5592r/_ide/bitstream/system_top.bit
targets -set -nocase -filter {name =~"APU*"}
loadhw -hw /home/analog/workspace/practica/hdl/projects/ad5592r_pmdz/software_1/system_top/export/system_top/hw/system_top.xsa -mem-ranges [list {0x40000000 0xbfffffff}] -regs
configparams force-mem-access 1
targets -set -nocase -filter {name =~"APU*"}
source /home/analog/workspace/practica/hdl/projects/ad5592r_pmdz/software_1/ad5592r/_ide/psinit/ps7_init.tcl
ps7_init
ps7_post_config
targets -set -nocase -filter {name =~ "*A9*#0"}
dow /home/analog/workspace/practica/hdl/projects/ad5592r_pmdz/software_1/ad5592r/Debug/ad5592r.elf
configparams force-mem-access 0
----------------End of Script----------------

14:15:30 INFO  : Context for processor 'ps7_cortexa9_0' is selected.
14:15:30 INFO  : 'con' command is executed.
14:15:30 INFO  : ----------------XSDB Script (After Launch)----------------
targets -set -nocase -filter {name =~ "*A9*#0"}
con
----------------End of Script----------------

14:15:30 INFO  : Launch script is exported to file '/home/analog/workspace/practica/hdl/projects/ad5592r_pmdz/software_1/ad5592r_system/_ide/scripts/debugger_ad5592r-default.tcl'
14:40:08 INFO  : Checking for BSP changes to sync application flags for project 'ad5592r'...
14:40:19 INFO  : Disconnected from the channel tcfchan#4.
14:40:20 INFO  : Connected to target on host '127.0.0.1' and port '3121'.
14:40:29 INFO  : ----------------XSDB Script----------------
connect -url tcp:127.0.0.1:3121
----------------End of Script----------------

14:40:29 ERROR : Could not find FPGA device on the board for connection 'Local'.


Troubleshooting hints:
1. Check whether board is connected to system properly.
2. In case of zynq board, check whether Digilent/Xilinx cable switch settings are correct.
3. If you are using Xilinx Platform Cable USB, ensure that status LED is green.
14:40:31 INFO  : Connected to target on host '127.0.0.1' and port '3121'.
14:40:31 INFO  : Jtag cable 'Digilent Cora Z7 - 7007S 210370BCAD3EA' is selected.
14:40:31 INFO  : 'jtag frequency' command is executed.
14:40:31 INFO  : Context for 'APU' is selected.
14:40:31 INFO  : System reset is completed.
14:40:34 INFO  : 'after 3000' command is executed.
14:40:35 INFO  : 'targets -set -filter {jtag_cable_name =~ "Digilent Cora Z7 - 7007S 210370BCAD3EA" && level==0 && jtag_device_ctx=="jsn-Cora Z7 - 7007S-210370BCAD3EA-13723093-0"}' command is executed.
14:40:36 INFO  : Device configured successfully with "/home/analog/workspace/practica/hdl/projects/ad5592r_pmdz/software_1/ad5592r/_ide/bitstream/system_top.bit"
14:40:36 INFO  : Context for 'APU' is selected.
14:40:36 INFO  : Hardware design and registers information is loaded from '/home/analog/workspace/practica/hdl/projects/ad5592r_pmdz/software_1/system_top/export/system_top/hw/system_top.xsa'.
14:40:36 INFO  : 'configparams force-mem-access 1' command is executed.
14:40:36 INFO  : Context for 'APU' is selected.
14:40:36 INFO  : Sourcing of '/home/analog/workspace/practica/hdl/projects/ad5592r_pmdz/software_1/ad5592r/_ide/psinit/ps7_init.tcl' is done.
14:40:37 INFO  : 'ps7_init' command is executed.
14:40:37 INFO  : 'ps7_post_config' command is executed.
14:40:37 INFO  : Context for processor 'ps7_cortexa9_0' is selected.
14:40:37 INFO  : The application '/home/analog/workspace/practica/hdl/projects/ad5592r_pmdz/software_1/ad5592r/Debug/ad5592r.elf' is downloaded to processor 'ps7_cortexa9_0'.
14:40:37 INFO  : 'configparams force-mem-access 0' command is executed.
14:40:37 INFO  : ----------------XSDB Script----------------
connect -url tcp:127.0.0.1:3121
targets -set -nocase -filter {name =~"APU*"}
rst -system
after 3000
targets -set -filter {jtag_cable_name =~ "Digilent Cora Z7 - 7007S 210370BCAD3EA" && level==0 && jtag_device_ctx=="jsn-Cora Z7 - 7007S-210370BCAD3EA-13723093-0"}
fpga -file /home/analog/workspace/practica/hdl/projects/ad5592r_pmdz/software_1/ad5592r/_ide/bitstream/system_top.bit
targets -set -nocase -filter {name =~"APU*"}
loadhw -hw /home/analog/workspace/practica/hdl/projects/ad5592r_pmdz/software_1/system_top/export/system_top/hw/system_top.xsa -mem-ranges [list {0x40000000 0xbfffffff}] -regs
configparams force-mem-access 1
targets -set -nocase -filter {name =~"APU*"}
source /home/analog/workspace/practica/hdl/projects/ad5592r_pmdz/software_1/ad5592r/_ide/psinit/ps7_init.tcl
ps7_init
ps7_post_config
targets -set -nocase -filter {name =~ "*A9*#0"}
dow /home/analog/workspace/practica/hdl/projects/ad5592r_pmdz/software_1/ad5592r/Debug/ad5592r.elf
configparams force-mem-access 0
----------------End of Script----------------

14:40:37 INFO  : Context for processor 'ps7_cortexa9_0' is selected.
14:40:37 INFO  : 'con' command is executed.
14:40:37 INFO  : ----------------XSDB Script (After Launch)----------------
targets -set -nocase -filter {name =~ "*A9*#0"}
con
----------------End of Script----------------

14:40:37 INFO  : Launch script is exported to file '/home/analog/workspace/practica/hdl/projects/ad5592r_pmdz/software_1/ad5592r_system/_ide/scripts/debugger_ad5592r-default.tcl'
15:28:33 INFO  : Disconnected from the channel tcfchan#5.
15:28:34 INFO  : Connected to target on host '127.0.0.1' and port '3121'.
15:28:34 INFO  : Jtag cable 'Digilent Cora Z7 - 7007S 210370B9F38EA' is selected.
15:28:34 INFO  : 'jtag frequency' command is executed.
15:28:34 INFO  : Context for 'APU' is selected.
15:28:34 INFO  : System reset is completed.
15:28:37 INFO  : 'after 3000' command is executed.
15:28:37 INFO  : 'targets -set -filter {jtag_cable_name =~ "Digilent Cora Z7 - 7007S 210370B9F38EA" && level==0 && jtag_device_ctx=="jsn-Cora Z7 - 7007S-210370B9F38EA-13723093-0"}' command is executed.
15:28:38 INFO  : Device configured successfully with "/home/analog/workspace/practica/hdl/projects/ad5592r_pmdz/software_1/ad5592r/_ide/bitstream/system_top.bit"
15:28:38 INFO  : Context for 'APU' is selected.
15:28:38 INFO  : Hardware design and registers information is loaded from '/home/analog/workspace/practica/hdl/projects/ad5592r_pmdz/software_1/system_top/export/system_top/hw/system_top.xsa'.
15:28:38 INFO  : 'configparams force-mem-access 1' command is executed.
15:28:38 INFO  : Context for 'APU' is selected.
15:28:38 INFO  : Sourcing of '/home/analog/workspace/practica/hdl/projects/ad5592r_pmdz/software_1/ad5592r/_ide/psinit/ps7_init.tcl' is done.
15:28:39 INFO  : 'ps7_init' command is executed.
15:28:39 INFO  : 'ps7_post_config' command is executed.
15:28:39 INFO  : Context for processor 'ps7_cortexa9_0' is selected.
15:28:40 INFO  : The application '/home/analog/workspace/practica/hdl/projects/ad5592r_pmdz/software_1/ad5592r/Debug/ad5592r.elf' is downloaded to processor 'ps7_cortexa9_0'.
15:28:40 INFO  : 'configparams force-mem-access 0' command is executed.
15:28:40 INFO  : ----------------XSDB Script----------------
connect -url tcp:127.0.0.1:3121
targets -set -nocase -filter {name =~"APU*"}
rst -system
after 3000
targets -set -filter {jtag_cable_name =~ "Digilent Cora Z7 - 7007S 210370B9F38EA" && level==0 && jtag_device_ctx=="jsn-Cora Z7 - 7007S-210370B9F38EA-13723093-0"}
fpga -file /home/analog/workspace/practica/hdl/projects/ad5592r_pmdz/software_1/ad5592r/_ide/bitstream/system_top.bit
targets -set -nocase -filter {name =~"APU*"}
loadhw -hw /home/analog/workspace/practica/hdl/projects/ad5592r_pmdz/software_1/system_top/export/system_top/hw/system_top.xsa -mem-ranges [list {0x40000000 0xbfffffff}] -regs
configparams force-mem-access 1
targets -set -nocase -filter {name =~"APU*"}
source /home/analog/workspace/practica/hdl/projects/ad5592r_pmdz/software_1/ad5592r/_ide/psinit/ps7_init.tcl
ps7_init
ps7_post_config
targets -set -nocase -filter {name =~ "*A9*#0"}
dow /home/analog/workspace/practica/hdl/projects/ad5592r_pmdz/software_1/ad5592r/Debug/ad5592r.elf
configparams force-mem-access 0
----------------End of Script----------------

15:28:40 INFO  : Context for processor 'ps7_cortexa9_0' is selected.
15:28:40 INFO  : 'con' command is executed.
15:28:40 INFO  : ----------------XSDB Script (After Launch)----------------
targets -set -nocase -filter {name =~ "*A9*#0"}
con
----------------End of Script----------------

15:28:40 INFO  : Launch script is exported to file '/home/analog/workspace/practica/hdl/projects/ad5592r_pmdz/software_1/ad5592r_system/_ide/scripts/debugger_ad5592r-default.tcl'
15:28:51 INFO  : Checking for BSP changes to sync application flags for project 'ad5592r'...
15:28:59 INFO  : Disconnected from the channel tcfchan#6.
15:29:00 INFO  : Connected to target on host '127.0.0.1' and port '3121'.
15:29:09 INFO  : ----------------XSDB Script----------------
connect -url tcp:127.0.0.1:3121
----------------End of Script----------------

15:29:09 ERROR : Could not find ARM device on the board for connection 'Local'.
Check if the target is in:
1. Split JTAG - No operations are possible with ARM DAP.
2. Non JTAG bootmode - Bootrom may need time to enable DAP.
Please try again.


Troubleshooting hints:
1. Check whether board is connected to system properly.
2. In case of zynq board, check whether Digilent/Xilinx cable switch settings are correct.
3. If you are using Xilinx Platform Cable USB, ensure that status LED is green.
15:29:12 INFO  : Connected to target on host '127.0.0.1' and port '3121'.
15:29:13 INFO  : Jtag cable 'Digilent Cora Z7 - 7007S 210370B9F38EA' is selected.
15:29:13 INFO  : 'jtag frequency' command is executed.
15:29:13 INFO  : Context for 'APU' is selected.
15:29:13 INFO  : System reset is completed.
15:29:16 INFO  : 'after 3000' command is executed.
15:29:16 INFO  : 'targets -set -filter {jtag_cable_name =~ "Digilent Cora Z7 - 7007S 210370B9F38EA" && level==0 && jtag_device_ctx=="jsn-Cora Z7 - 7007S-210370B9F38EA-13723093-0"}' command is executed.
15:29:17 INFO  : Device configured successfully with "/home/analog/workspace/practica/hdl/projects/ad5592r_pmdz/software_1/ad5592r/_ide/bitstream/system_top.bit"
15:29:17 INFO  : Context for 'APU' is selected.
15:29:17 INFO  : Hardware design and registers information is loaded from '/home/analog/workspace/practica/hdl/projects/ad5592r_pmdz/software_1/system_top/export/system_top/hw/system_top.xsa'.
15:29:17 INFO  : 'configparams force-mem-access 1' command is executed.
15:29:17 INFO  : Context for 'APU' is selected.
15:29:17 INFO  : Sourcing of '/home/analog/workspace/practica/hdl/projects/ad5592r_pmdz/software_1/ad5592r/_ide/psinit/ps7_init.tcl' is done.
15:29:18 INFO  : 'ps7_init' command is executed.
15:29:18 INFO  : 'ps7_post_config' command is executed.
15:29:18 INFO  : Context for processor 'ps7_cortexa9_0' is selected.
15:29:19 INFO  : The application '/home/analog/workspace/practica/hdl/projects/ad5592r_pmdz/software_1/ad5592r/Debug/ad5592r.elf' is downloaded to processor 'ps7_cortexa9_0'.
15:29:19 INFO  : 'configparams force-mem-access 0' command is executed.
15:29:19 INFO  : ----------------XSDB Script----------------
connect -url tcp:127.0.0.1:3121
targets -set -nocase -filter {name =~"APU*"}
rst -system
after 3000
targets -set -filter {jtag_cable_name =~ "Digilent Cora Z7 - 7007S 210370B9F38EA" && level==0 && jtag_device_ctx=="jsn-Cora Z7 - 7007S-210370B9F38EA-13723093-0"}
fpga -file /home/analog/workspace/practica/hdl/projects/ad5592r_pmdz/software_1/ad5592r/_ide/bitstream/system_top.bit
targets -set -nocase -filter {name =~"APU*"}
loadhw -hw /home/analog/workspace/practica/hdl/projects/ad5592r_pmdz/software_1/system_top/export/system_top/hw/system_top.xsa -mem-ranges [list {0x40000000 0xbfffffff}] -regs
configparams force-mem-access 1
targets -set -nocase -filter {name =~"APU*"}
source /home/analog/workspace/practica/hdl/projects/ad5592r_pmdz/software_1/ad5592r/_ide/psinit/ps7_init.tcl
ps7_init
ps7_post_config
targets -set -nocase -filter {name =~ "*A9*#0"}
dow /home/analog/workspace/practica/hdl/projects/ad5592r_pmdz/software_1/ad5592r/Debug/ad5592r.elf
configparams force-mem-access 0
----------------End of Script----------------

15:29:19 INFO  : Context for processor 'ps7_cortexa9_0' is selected.
15:29:19 INFO  : 'con' command is executed.
15:29:19 INFO  : ----------------XSDB Script (After Launch)----------------
targets -set -nocase -filter {name =~ "*A9*#0"}
con
----------------End of Script----------------

15:29:19 INFO  : Launch script is exported to file '/home/analog/workspace/practica/hdl/projects/ad5592r_pmdz/software_1/ad5592r_system/_ide/scripts/debugger_ad5592r-default.tcl'
15:37:09 INFO  : Disconnected from the channel tcfchan#7.
